<?xml version="1.0" encoding="UTF-8"?>
<testsuites>
  <testsuite name="Tests\Feature\DesignsTest" file="tests\Feature\DesignsTest.php" tests="12" assertions="21" errors="0" failures="6" skipped="0" time="9.890819">
    <testcase name="it authenticated user can view their own designs" file="tests\Feature\DesignsTest.php::it authenticated user can view their own designs" class="Tests\Feature\DesignsTest" classname="Tests.Feature.DesignsTest" assertions="1" time="0.731031"/>
    <testcase name="it unauthenticated user cannot access designs" file="tests\Feature\DesignsTest.php::it unauthenticated user cannot access designs" class="Tests\Feature\DesignsTest" classname="Tests.Feature.DesignsTest" assertions="2" time="0.028658"/>
    <testcase name="it user cannot view another users design" file="tests\Feature\DesignsTest.php::it user cannot view another users design" class="Tests\Feature\DesignsTest" classname="Tests.Feature.DesignsTest" assertions="1" time="1.611887">
      <failure type="PHPUnit\Framework\ExpectationFailedException">it user cannot view another users designExpected response status code [403] but received 500.
Failed asserting that 500 is identical to 403.&#13;
&#13;
The following exception occurred during the last request:

Error: Call to undefined method App\Http\Controllers\DesignController::authorize() in C:\Users\OWNER\Desktop\ai-marketing-automation\app\Http\Controllers\DesignController.php:63
Stack trace:
#0 C:\Users\OWNER\Desktop\ai-marketing-automation\vendor\laravel\framework\src\Illuminate\Routing\ControllerDispatcher.php(46): App\Http\Controllers\DesignController-&gt;show(Object(App\Models\Design))
#1 C:\Users\OWNER\Desktop\ai-marketing-automation\vendor\laravel\framework\src\Illuminate\Routing\Route.php(276): Illuminate\Routing\ControllerDispatcher-&gt;dispatch(Object(Illuminate\Routing\Route), Object(App\Http\Controllers\DesignController), 'show')
#2 C:\Users\OWNER\Desktop\ai-marketing-automation\vendor\laravel\framework\src\Illuminate\Routing\Route.php(216): Illuminate\Routing\Route-&gt;runController()
#3 C:\Users\OWNER\Desktop\ai-marketing-automation\vendor\laravel\framework\src\Illuminate\Routing\Router.php(822): Illuminate\Routing\Route-&gt;run()
#4 C:\Users\OWNER\Desktop\ai-marketing-automation\vendor\laravel\framework\src\Illuminate\Pipeline\Pipeline.php(180): Illuminate\Routing\Router-&gt;{closure:Illuminate\Routing\Router::runRouteWithinStack():821}(Object(Illuminate\Http\Request))
#5 C:\Users\OWNER\Desktop\ai-marketing-automation\app\Http\Middleware\EnsureOnboardingCompleted.php(24): Illuminate\Pipeline\Pipeline-&gt;{closure:Illuminate\Pipeline\Pipeline::prepareDestination():178}(Object(Illuminate\Http\Request))
#6 C:\Users\OWNER\Desktop\ai-marketing-automation\vendor\laravel\framework\src\Illuminate\Pipeline\Pipeline.php(219): App\Http\Middleware\EnsureOnboardingCompleted-&gt;handle(Object(Illuminate\Http\Request), Object(Closure))
#7 C:\Users\OWNER\Desktop\ai-marketing-automation\vendor\laravel\framework\src\Illuminate\Auth\Middleware\EnsureEmailIsVerified.php(41): Illuminate\Pipeline\Pipeline-&gt;{closure:{closure:Illuminate\Pipeline\Pipeline::carry():194}:195}(Object(Illuminate\Http\Request))
#8 C:\Users\OWNER\Desktop\ai-marketing-automation\vendor\laravel\framework\src\Illuminate\Pipeline\Pipeline.php(219): Illuminate\Auth\Middleware\EnsureEmailIsVerified-&gt;handle(Object(Illuminate\Http\Request), Object(Closure))
#9 C:\Users\OWNER\Desktop\ai-marketing-automation\vendor\laravel\framework\src\Illuminate\Http\Middleware\AddLinkHeadersForPreloadedAssets.php(32): Illuminate\Pipeline\Pipeline-&gt;{closure:{closure:Illuminate\Pipeline\Pipeline::carry():194}:195}(Object(Illuminate\Http\Request))
#10 C:\Users\OWNER\Desktop\ai-marketing-automation\vendor\laravel\framework\src\Illuminate\Pipeline\Pipeline.php(219): Illuminate\Http\Middleware\AddLinkHeadersForPreloadedAssets-&gt;handle(Object(Illuminate\Http\Request), Object(Closure))
#11 C:\Users\OWNER\Desktop\ai-marketing-automation\vendor\inertiajs\inertia-laravel\src\Middleware.php(147): Illuminate\Pipeline\Pipeline-&gt;{closure:{closure:Illuminate\Pipeline\Pipeline::carry():194}:195}(Object(Illuminate\Http\Request))
#12 C:\Users\OWNER\Desktop\ai-marketing-automation\vendor\laravel\framework\src\Illuminate\Pipeline\Pipeline.php(219): Inertia\Middleware-&gt;handle(Object(Illuminate\Http\Request), Object(Closure))
#13 C:\Users\OWNER\Desktop\ai-marketing-automation\app\Http\Middleware\HandleAppearance.php(21): Illuminate\Pipeline\Pipeline-&gt;{closure:{closure:Illuminate\Pipeline\Pipeline::carry():194}:195}(Object(Illuminate\Http\Request))
#14 C:\Users\OWNER\Desktop\ai-marketing-automation\vendor\laravel\framework\src\Illuminate\Pipeline\Pipeline.php(219): App\Http\Middleware\HandleAppearance-&gt;handle(Object(Illuminate\Http\Request), Object(Closure))
#15 C:\Users\OWNER\Desktop\ai-marketing-automation\vendor\laravel\framework\src\Illuminate\Routing\Middleware\SubstituteBindings.php(52): Illuminate\Pipeline\Pipeline-&gt;{closure:{closure:Illuminate\Pipeline\Pipeline::carry():194}:195}(Object(Illuminate\Http\Request))
#16 C:\Users\OWNER\Desktop\ai-marketing-automation\vendor\laravel\framework\src\Illuminate\Pipeline\Pipeline.php(219): Illuminate\Routing\Middleware\SubstituteBindings-&gt;handle(Object(Illuminate\Http\Request), Object(Closure))
#17 C:\Users\OWNER\Desktop\ai-marketing-automation\vendor\laravel\framework\src\Illuminate\Auth\Middleware\Authenticate.php(63): Illuminate\Pipeline\Pipeline-&gt;{closure:{closure:Illuminate\Pipeline\Pipeline::carry():194}:195}(Object(Illuminate\Http\Request))
#18 C:\Users\OWNER\Desktop\ai-marketing-automation\vendor\laravel\framework\src\Illuminate\Pipeline\Pipeline.php(219): Illuminate\Auth\Middleware\Authenticate-&gt;handle(Object(Illuminate\Http\Request), Object(Closure))
#19 C:\Users\OWNER\Desktop\ai-marketing-automation\vendor\laravel\framework\src\Illuminate\Foundation\Http\Middleware\PreventRequestForgery.php(104): Illuminate\Pipeline\Pipeline-&gt;{closure:{closure:Illuminate\Pipeline\Pipeline::carry():194}:195}(Object(Illuminate\Http\Request))
#20 C:\Users\OWNER\Desktop\ai-marketing-automation\vendor\laravel\framework\src\Illuminate\Pipeline\Pipeline.php(219): Illuminate\Foundation\Http\Middleware\PreventRequestForgery-&gt;handle(Object(Illuminate\Http\Request), Object(Closure))
#21 C:\Users\OWNER\Desktop\ai-marketing-automation\vendor\laravel\framework\src\Illuminate\View\Middleware\ShareErrorsFromSession.php(48): Illuminate\Pipeline\Pipeline-&gt;{closure:{closure:Illuminate\Pipeline\Pipeline::carry():194}:195}(Object(Illuminate\Http\Request))
#22 C:\Users\OWNER\Desktop\ai-marketing-automation\vendor\laravel\framework\src\Illuminate\Pipeline\Pipeline.php(219): Illuminate\View\Middleware\ShareErrorsFromSession-&gt;handle(Object(Illuminate\Http\Request), Object(Closure))
#23 C:\Users\OWNER\Desktop\ai-marketing-automation\vendor\laravel\framework\src\Illuminate\Session\Middleware\StartSession.php(120): Illuminate\Pipeline\Pipeline-&gt;{closure:{closure:Illuminate\Pipeline\Pipeline::carry():194}:195}(Object(Illuminate\Http\Request))
#24 C:\Users\OWNER\Desktop\ai-marketing-automation\vendor\laravel\framework\src\Illuminate\Session\Middleware\StartSession.php(63): Illuminate\Session\Middleware\StartSession-&gt;handleStatefulRequest(Object(Illuminate\Http\Request), Object(Illuminate\Session\Store), Object(Closure))
#25 C:\Users\OWNER\Desktop\ai-marketing-automation\vendor\laravel\framework\src\Illuminate\Pipeline\Pipeline.php(219): Illuminate\Session\Middleware\StartSession-&gt;handle(Object(Illuminate\Http\Request), Object(Closure))
#26 C:\Users\OWNER\Desktop\ai-marketing-automation\vendor\laravel\framework\src\Illuminate\Cookie\Middleware\AddQueuedCookiesToResponse.php(36): Illuminate\Pipeline\Pipeline-&gt;{closure:{closure:Illuminate\Pipeline\Pipeline::carry():194}:195}(Object(Illuminate\Http\Request))
#27 C:\Users\OWNER\Desktop\ai-marketing-automation\vendor\laravel\framework\src\Illuminate\Pipeline\Pipeline.php(219): Illuminate\Cookie\Middleware\AddQueuedCookiesToResponse-&gt;handle(Object(Illuminate\Http\Request), Object(Closure))
#28 C:\Users\OWNER\Desktop\ai-marketing-automation\vendor\laravel\framework\src\Illuminate\Cookie\Middleware\EncryptCookies.php(74): Illuminate\Pipeline\Pipeline-&gt;{closure:{closure:Illuminate\Pipeline\Pipeline::carry():194}:195}(Object(Illuminate\Http\Request))
#29 C:\Users\OWNER\Desktop\ai-marketing-automation\vendor\laravel\framework\src\Illuminate\Pipeline\Pipeline.php(219): Illuminate\Cookie\Middleware\EncryptCookies-&gt;handle(Object(Illuminate\Http\Request), Object(Closure))
#30 C:\Users\OWNER\Desktop\ai-marketing-automation\vendor\laravel\framework\src\Illuminate\Pipeline\Pipeline.php(137): Illuminate\Pipeline\Pipeline-&gt;{closure:{closure:Illuminate\Pipeline\Pipeline::carry():194}:195}(Object(Illuminate\Http\Request))
#31 C:\Users\OWNER\Desktop\ai-marketing-automation\vendor\laravel\framework\src\Illuminate\Routing\Router.php(821): Illuminate\Pipeline\Pipeline-&gt;then(Object(Closure))
#32 C:\Users\OWNER\Desktop\ai-marketing-automation\vendor\laravel\framework\src\Illuminate\Routing\Router.php(800): Illuminate\Routing\Router-&gt;runRouteWithinStack(Object(Illuminate\Routing\Route), Object(Illuminate\Http\Request))
#33 C:\Users\OWNER\Desktop\ai-marketing-automation\vendor\laravel\framework\src\Illuminate\Routing\Router.php(764): Illuminate\Routing\Router-&gt;runRoute(Object(Illuminate\Http\Request), Object(Illuminate\Routing\Route))
#34 C:\Users\OWNER\Desktop\ai-marketing-automation\vendor\laravel\framework\src\Illuminate\Routing\Router.php(753): Illuminate\Routing\Router-&gt;dispatchToRoute(Object(Illuminate\Http\Request))
#35 C:\Users\OWNER\Desktop\ai-marketing-automation\vendor\laravel\framework\src\Illuminate\Foundation\Http\Kernel.php(200): Illuminate\Routing\Router-&gt;dispatch(Object(Illuminate\Http\Request))
#36 C:\Users\OWNER\Desktop\ai-marketing-automation\vendor\laravel\framework\src\Illuminate\Pipeline\Pipeline.php(180): Illuminate\Foundation\Http\Kernel-&gt;{closure:Illuminate\Foundation\Http\Kernel::dispatchToRouter():197}(Object(Illuminate\Http\Request))
#37 C:\Users\OWNER\Desktop\ai-marketing-automation\vendor\inertiajs\inertia-laravel\src\Middleware\EnsureGetOnRedirect.php(19): Illuminate\Pipeline\Pipeline-&gt;{closure:Illuminate\Pipeline\Pipeline::prepareDestination():178}(Object(Illuminate\Http\Request))
#38 C:\Users\OWNER\Desktop\ai-marketing-automation\vendor\laravel\framework\src\Illuminate\Pipeline\Pipeline.php(219): Inertia\Middleware\EnsureGetOnRedirect-&gt;handle(Object(Illuminate\Http\Request), Object(Closure))
#39 C:\Users\OWNER\Desktop\ai-marketing-automation\vendor\laravel\framework\src\Illuminate\Foundation\Http\Middleware\TransformsRequest.php(21): Illuminate\Pipeline\Pipeline-&gt;{closure:{closure:Illuminate\Pipeline\Pipeline::carry():194}:195}(Object(Illuminate\Http\Request))
#40 C:\Users\OWNER\Desktop\ai-marketing-automation\vendor\laravel\framework\src\Illuminate\Foundation\Http\Middleware\ConvertEmptyStringsToNull.php(31): Illuminate\Foundation\Http\Middleware\TransformsRequest-&gt;handle(Object(Illuminate\Http\Request), Object(Closure))
#41 C:\Users\OWNER\Desktop\ai-marketing-automation\vendor\laravel\framework\src\Illuminate\Pipeline\Pipeline.php(219): Illuminate\Foundation\Http\Middleware\ConvertEmptyStringsToNull-&gt;handle(Object(Illuminate\Http\Request), Object(Closure))
#42 C:\Users\OWNER\Desktop\ai-marketing-automation\vendor\laravel\framework\src\Illuminate\Foundation\Http\Middleware\TransformsRequest.php(21): Illuminate\Pipeline\Pipeline-&gt;{closure:{closure:Illuminate\Pipeline\Pipeline::carry():194}:195}(Object(Illuminate\Http\Request))
#43 C:\Users\OWNER\Desktop\ai-marketing-automation\vendor\laravel\framework\src\Illuminate\Foundation\Http\Middleware\TrimStrings.php(51): Illuminate\Foundation\Http\Middleware\TransformsRequest-&gt;handle(Object(Illuminate\Http\Request), Object(Closure))
#44 C:\Users\OWNER\Desktop\ai-marketing-automation\vendor\laravel\framework\src\Illuminate\Pipeline\Pipeline.php(219): Illuminate\Foundation\Http\Middleware\TrimStrings-&gt;handle(Object(Illuminate\Http\Request), Object(Closure))
#45 C:\Users\OWNER\Desktop\ai-marketing-automation\vendor\laravel\framework\src\Illuminate\Http\Middleware\ValidatePostSize.php(27): Illuminate\Pipeline\Pipeline-&gt;{closure:{closure:Illuminate\Pipeline\Pipeline::carry():194}:195}(Object(Illuminate\Http\Request))
#46 C:\Users\OWNER\Desktop\ai-marketing-automation\vendor\laravel\framework\src\Illuminate\Pipeline\Pipeline.php(219): Illuminate\Http\Middleware\ValidatePostSize-&gt;handle(Object(Illuminate\Http\Request), Object(Closure))
#47 C:\Users\OWNER\Desktop\ai-marketing-automation\vendor\laravel\framework\src\Illuminate\Foundation\Http\Middleware\PreventRequestsDuringMaintenance.php(110): Illuminate\Pipeline\Pipeline-&gt;{closure:{closure:Illuminate\Pipeline\Pipeline::carry():194}:195}(Object(Illuminate\Http\Request))
#48 C:\Users\OWNER\Desktop\ai-marketing-automation\vendor\laravel\framework\src\Illuminate\Pipeline\Pipeline.php(219): Illuminate\Foundation\Http\Middleware\PreventRequestsDuringMaintenance-&gt;handle(Object(Illuminate\Http\Request), Object(Closure))
#49 C:\Users\OWNER\Desktop\ai-marketing-automation\vendor\laravel\framework\src\Illuminate\Http\Middleware\HandleCors.php(61): Illuminate\Pipeline\Pipeline-&gt;{closure:{closure:Illuminate\Pipeline\Pipeline::carry():194}:195}(Object(Illuminate\Http\Request))
#50 C:\Users\OWNER\Desktop\ai-marketing-automation\vendor\laravel\framework\src\Illuminate\Pipeline\Pipeline.php(219): Illuminate\Http\Middleware\HandleCors-&gt;handle(Object(Illuminate\Http\Request), Object(Closure))
#51 C:\Users\OWNER\Desktop\ai-marketing-automation\vendor\laravel\framework\src\Illuminate\Http\Middleware\TrustProxies.php(58): Illuminate\Pipeline\Pipeline-&gt;{closure:{closure:Illuminate\Pipeline\Pipeline::carry():194}:195}(Object(Illuminate\Http\Request))
#52 C:\Users\OWNER\Desktop\ai-marketing-automation\vendor\laravel\framework\src\Illuminate\Pipeline\Pipeline.php(219): Illuminate\Http\Middleware\TrustProxies-&gt;handle(Object(Illuminate\Http\Request), Object(Closure))
#53 C:\Users\OWNER\Desktop\ai-marketing-automation\vendor\laravel\framework\src\Illuminate\Foundation\Http\Middleware\InvokeDeferredCallbacks.php(22): Illuminate\Pipeline\Pipeline-&gt;{closure:{closure:Illuminate\Pipeline\Pipeline::carry():194}:195}(Object(Illuminate\Http\Request))
#54 C:\Users\OWNER\Desktop\ai-marketing-automation\vendor\laravel\framework\src\Illuminate\Pipeline\Pipeline.php(219): Illuminate\Foundation\Http\Middleware\InvokeDeferredCallbacks-&gt;handle(Object(Illuminate\Http\Request), Object(Closure))
#55 C:\Users\OWNER\Desktop\ai-marketing-automation\vendor\laravel\framework\src\Illuminate\Http\Middleware\ValidatePathEncoding.php(28): Illuminate\Pipeline\Pipeline-&gt;{closure:{closure:Illuminate\Pipeline\Pipeline::carry():194}:195}(Object(Illuminate\Http\Request))
#56 C:\Users\OWNER\Desktop\ai-marketing-automation\vendor\laravel\framework\src\Illuminate\Pipeline\Pipeline.php(219): Illuminate\Http\Middleware\ValidatePathEncoding-&gt;handle(Object(Illuminate\Http\Request), Object(Closure))
#57 C:\Users\OWNER\Desktop\ai-marketing-automation\vendor\laravel\framework\src\Illuminate\Pipeline\Pipeline.php(137): Illuminate\Pipeline\Pipeline-&gt;{closure:{closure:Illuminate\Pipeline\Pipeline::carry():194}:195}(Object(Illuminate\Http\Request))
#58 C:\Users\OWNER\Desktop\ai-marketing-automation\vendor\laravel\framework\src\Illuminate\Foundation\Http\Kernel.php(175): Illuminate\Pipeline\Pipeline-&gt;then(Object(Closure))
#59 C:\Users\OWNER\Desktop\ai-marketing-automation\vendor\laravel\framework\src\Illuminate\Foundation\Http\Kernel.php(144): Illuminate\Foundation\Http\Kernel-&gt;sendRequestThroughRouter(Object(Illuminate\Http\Request))
#60 C:\Users\OWNER\Desktop\ai-marketing-automation\vendor\laravel\framework\src\Illuminate\Foundation\Testing\Concerns\MakesHttpRequests.php(638): Illuminate\Foundation\Http\Kernel-&gt;handle(Object(Illuminate\Http\Request))
#61 C:\Users\OWNER\Desktop\ai-marketing-automation\vendor\laravel\framework\src\Illuminate\Foundation\Testing\Concerns\MakesHttpRequests.php(368): Illuminate\Foundation\Testing\TestCase-&gt;call('GET', '/designs/1', Array, Array, Array, Array)
#62 C:\Users\OWNER\Desktop\ai-marketing-automation\tests\Feature\DesignsTest.php(38): Illuminate\Foundation\Testing\TestCase-&gt;get('/designs/1')
#63 C:\Users\OWNER\Desktop\ai-marketing-automation\vendor\pestphp\pest\src\Factories\TestCaseMethodFactory.php(135): P\Tests\Feature\DesignsTest-&gt;{closure:C:\Users\OWNER\Desktop\ai-marketing-automation\tests\Feature\DesignsTest.php:28}()
#64 [internal function]: P\Tests\Feature\DesignsTest-&gt;{closure:Pest\Factories\TestCaseMethodFactory::getClosure():125}()
#65 C:\Users\OWNER\Desktop\ai-marketing-automation\vendor\pestphp\pest\src\Concerns\Testable.php(497): call_user_func_array(Object(Closure), Array)
#66 C:\Users\OWNER\Desktop\ai-marketing-automation\vendor\pestphp\pest\src\Support\ExceptionTrace.php(24): P\Tests\Feature\DesignsTest-&gt;{closure:Pest\Concerns\Testable::__callClosure():497}()
#67 C:\Users\OWNER\Desktop\ai-marketing-automation\vendor\pestphp\pest\src\Concerns\Testable.php(497): Pest\Support\ExceptionTrace::ensure(Object(Closure))
#68 C:\Users\OWNER\Desktop\ai-marketing-automation\vendor\pestphp\pest\src\Concerns\Testable.php(322): P\Tests\Feature\DesignsTest-&gt;__callClosure(Object(Closure), Array)
#69 C:\Users\OWNER\Desktop\ai-marketing-automation\vendor\pestphp\pest\src\Factories\TestCaseFactory.php(170) : eval()'d code(48): P\Tests\Feature\DesignsTest-&gt;__runTest(Object(Closure))
#70 C:\Users\OWNER\Desktop\ai-marketing-automation\vendor\phpunit\phpunit\src\Framework\TestCase.php(1461): P\Tests\Feature\DesignsTest-&gt;__pest_evaluable_it_user_cannot_view_another_users_design()
#71 C:\Users\OWNER\Desktop\ai-marketing-automation\vendor\phpunit\phpunit\src\Framework\TestCase.php(1475): PHPUnit\Framework\TestCase-&gt;invokeTestMethod('__pest_evaluabl...', Array)
#72 C:\Users\OWNER\Desktop\ai-marketing-automation\vendor\phpunit\phpunit\src\Framework\TestCase.php(496): PHPUnit\Framework\TestCase-&gt;runTest()
#73 C:\Users\OWNER\Desktop\ai-marketing-automation\vendor\phpunit\phpunit\src\Framework\TestRunner\TestRunner.php(126): PHPUnit\Framework\TestCase-&gt;runBare()
#74 C:\Users\OWNER\Desktop\ai-marketing-automation\vendor\phpunit\phpunit\src\Framework\TestCase.php(328): PHPUnit\Framework\TestRunner\TestRunner-&gt;run(Object(P\Tests\Feature\DesignsTest))
#75 C:\Users\OWNER\Desktop\ai-marketing-automation\vendor\phpunit\phpunit\src\Framework\TestSuite.php(627): PHPUnit\Framework\TestCase-&gt;run()
#76 C:\Users\OWNER\Desktop\ai-marketing-automation\vendor\phpunit\phpunit\src\Framework\TestSuite.php(420): PHPUnit\Framework\TestSuite-&gt;runTests(Array, Object(PHPUnit\Event\DispatchingEmitter))
#77 C:\Users\OWNER\Desktop\ai-marketing-automation\vendor\phpunit\phpunit\src\TextUI\TestRunner.php(64): PHPUnit\Framework\TestSuite-&gt;run()
#78 C:\Users\OWNER\Desktop\ai-marketing-automation\vendor\phpunit\phpunit\src\TextUI\Application.php(255): PHPUnit\TextUI\TestRunner-&gt;run(Object(PHPUnit\TextUI\Configuration\Configuration), Object(PHPUnit\Runner\TestRunHistory\DefaultTestRunHistory), Object(PHPUnit\Framework\TestSuite))
#79 C:\Users\OWNER\Desktop\ai-marketing-automation\vendor\pestphp\pest\src\Kernel.php(100): PHPUnit\TextUI\Application-&gt;run(Array)
#80 C:\Users\OWNER\Desktop\ai-marketing-automation\vendor\pestphp\pest\bin\pest(207): Pest\Kernel-&gt;handle(Array, Array)
#81 C:\Users\OWNER\Desktop\ai-marketing-automation\vendor\pestphp\pest\bin\pest(215): {closure:C:\Users\OWNER\Desktop\ai-marketing-automation\vendor\pestphp\pest\bin\pest:21}()
#82 {main}

----------------------------------------------------------------------------------

Call to undefined method App\Http\Controllers\DesignController::authorize()&#13;
&#13;
at vendor\laravel\framework\src\Illuminate\Testing\TestResponseAssert.php:45
at vendor\laravel\framework\src\Illuminate\Testing\TestResponse.php:183
at vendor\laravel\framework\src\Illuminate\Testing\Concerns\AssertsStatusCodes.php:141
at tests\Feature\DesignsTest.php:39</failure>
    </testcase>
    <testcase name="it user can delete their own design" file="tests\Feature\DesignsTest.php::it user can delete their own design" class="Tests\Feature\DesignsTest" classname="Tests.Feature.DesignsTest" assertions="1" time="2.043138">
      <failure type="PHPUnit\Framework\ExpectationFailedException">it user can delete their own designExpected response status code [201, 301, 302, 303, 307, 308] but received 500.
Failed asserting that false is true.&#13;
&#13;
The following exception occurred during the last request:

Error: Call to undefined method App\Http\Controllers\DesignController::authorize() in C:\Users\OWNER\Desktop\ai-marketing-automation\app\Http\Controllers\DesignController.php:98
Stack trace:
#0 C:\Users\OWNER\Desktop\ai-marketing-automation\vendor\laravel\framework\src\Illuminate\Routing\ControllerDispatcher.php(46): App\Http\Controllers\DesignController-&gt;destroy(Object(App\Models\Design))
#1 C:\Users\OWNER\Desktop\ai-marketing-automation\vendor\laravel\framework\src\Illuminate\Routing\Route.php(276): Illuminate\Routing\ControllerDispatcher-&gt;dispatch(Object(Illuminate\Routing\Route), Object(App\Http\Controllers\DesignController), 'destroy')
#2 C:\Users\OWNER\Desktop\ai-marketing-automation\vendor\laravel\framework\src\Illuminate\Routing\Route.php(216): Illuminate\Routing\Route-&gt;runController()
#3 C:\Users\OWNER\Desktop\ai-marketing-automation\vendor\laravel\framework\src\Illuminate\Routing\Router.php(822): Illuminate\Routing\Route-&gt;run()
#4 C:\Users\OWNER\Desktop\ai-marketing-automation\vendor\laravel\framework\src\Illuminate\Pipeline\Pipeline.php(180): Illuminate\Routing\Router-&gt;{closure:Illuminate\Routing\Router::runRouteWithinStack():821}(Object(Illuminate\Http\Request))
#5 C:\Users\OWNER\Desktop\ai-marketing-automation\app\Http\Middleware\EnsureOnboardingCompleted.php(24): Illuminate\Pipeline\Pipeline-&gt;{closure:Illuminate\Pipeline\Pipeline::prepareDestination():178}(Object(Illuminate\Http\Request))
#6 C:\Users\OWNER\Desktop\ai-marketing-automation\vendor\laravel\framework\src\Illuminate\Pipeline\Pipeline.php(219): App\Http\Middleware\EnsureOnboardingCompleted-&gt;handle(Object(Illuminate\Http\Request), Object(Closure))
#7 C:\Users\OWNER\Desktop\ai-marketing-automation\vendor\laravel\framework\src\Illuminate\Auth\Middleware\EnsureEmailIsVerified.php(41): Illuminate\Pipeline\Pipeline-&gt;{closure:{closure:Illuminate\Pipeline\Pipeline::carry():194}:195}(Object(Illuminate\Http\Request))
#8 C:\Users\OWNER\Desktop\ai-marketing-automation\vendor\laravel\framework\src\Illuminate\Pipeline\Pipeline.php(219): Illuminate\Auth\Middleware\EnsureEmailIsVerified-&gt;handle(Object(Illuminate\Http\Request), Object(Closure))
#9 C:\Users\OWNER\Desktop\ai-marketing-automation\vendor\laravel\framework\src\Illuminate\Http\Middleware\AddLinkHeadersForPreloadedAssets.php(32): Illuminate\Pipeline\Pipeline-&gt;{closure:{closure:Illuminate\Pipeline\Pipeline::carry():194}:195}(Object(Illuminate\Http\Request))
#10 C:\Users\OWNER\Desktop\ai-marketing-automation\vendor\laravel\framework\src\Illuminate\Pipeline\Pipeline.php(219): Illuminate\Http\Middleware\AddLinkHeadersForPreloadedAssets-&gt;handle(Object(Illuminate\Http\Request), Object(Closure))
#11 C:\Users\OWNER\Desktop\ai-marketing-automation\vendor\inertiajs\inertia-laravel\src\Middleware.php(147): Illuminate\Pipeline\Pipeline-&gt;{closure:{closure:Illuminate\Pipeline\Pipeline::carry():194}:195}(Object(Illuminate\Http\Request))
#12 C:\Users\OWNER\Desktop\ai-marketing-automation\vendor\laravel\framework\src\Illuminate\Pipeline\Pipeline.php(219): Inertia\Middleware-&gt;handle(Object(Illuminate\Http\Request), Object(Closure))
#13 C:\Users\OWNER\Desktop\ai-marketing-automation\app\Http\Middleware\HandleAppearance.php(21): Illuminate\Pipeline\Pipeline-&gt;{closure:{closure:Illuminate\Pipeline\Pipeline::carry():194}:195}(Object(Illuminate\Http\Request))
#14 C:\Users\OWNER\Desktop\ai-marketing-automation\vendor\laravel\framework\src\Illuminate\Pipeline\Pipeline.php(219): App\Http\Middleware\HandleAppearance-&gt;handle(Object(Illuminate\Http\Request), Object(Closure))
#15 C:\Users\OWNER\Desktop\ai-marketing-automation\vendor\laravel\framework\src\Illuminate\Routing\Middleware\SubstituteBindings.php(52): Illuminate\Pipeline\Pipeline-&gt;{closure:{closure:Illuminate\Pipeline\Pipeline::carry():194}:195}(Object(Illuminate\Http\Request))
#16 C:\Users\OWNER\Desktop\ai-marketing-automation\vendor\laravel\framework\src\Illuminate\Pipeline\Pipeline.php(219): Illuminate\Routing\Middleware\SubstituteBindings-&gt;handle(Object(Illuminate\Http\Request), Object(Closure))
#17 C:\Users\OWNER\Desktop\ai-marketing-automation\vendor\laravel\framework\src\Illuminate\Auth\Middleware\Authenticate.php(63): Illuminate\Pipeline\Pipeline-&gt;{closure:{closure:Illuminate\Pipeline\Pipeline::carry():194}:195}(Object(Illuminate\Http\Request))
#18 C:\Users\OWNER\Desktop\ai-marketing-automation\vendor\laravel\framework\src\Illuminate\Pipeline\Pipeline.php(219): Illuminate\Auth\Middleware\Authenticate-&gt;handle(Object(Illuminate\Http\Request), Object(Closure))
#19 C:\Users\OWNER\Desktop\ai-marketing-automation\vendor\laravel\framework\src\Illuminate\Foundation\Http\Middleware\PreventRequestForgery.php(104): Illuminate\Pipeline\Pipeline-&gt;{closure:{closure:Illuminate\Pipeline\Pipeline::carry():194}:195}(Object(Illuminate\Http\Request))
#20 C:\Users\OWNER\Desktop\ai-marketing-automation\vendor\laravel\framework\src\Illuminate\Pipeline\Pipeline.php(219): Illuminate\Foundation\Http\Middleware\PreventRequestForgery-&gt;handle(Object(Illuminate\Http\Request), Object(Closure))
#21 C:\Users\OWNER\Desktop\ai-marketing-automation\vendor\laravel\framework\src\Illuminate\View\Middleware\ShareErrorsFromSession.php(48): Illuminate\Pipeline\Pipeline-&gt;{closure:{closure:Illuminate\Pipeline\Pipeline::carry():194}:195}(Object(Illuminate\Http\Request))
#22 C:\Users\OWNER\Desktop\ai-marketing-automation\vendor\laravel\framework\src\Illuminate\Pipeline\Pipeline.php(219): Illuminate\View\Middleware\ShareErrorsFromSession-&gt;handle(Object(Illuminate\Http\Request), Object(Closure))
#23 C:\Users\OWNER\Desktop\ai-marketing-automation\vendor\laravel\framework\src\Illuminate\Session\Middleware\StartSession.php(120): Illuminate\Pipeline\Pipeline-&gt;{closure:{closure:Illuminate\Pipeline\Pipeline::carry():194}:195}(Object(Illuminate\Http\Request))
#24 C:\Users\OWNER\Desktop\ai-marketing-automation\vendor\laravel\framework\src\Illuminate\Session\Middleware\StartSession.php(63): Illuminate\Session\Middleware\StartSession-&gt;handleStatefulRequest(Object(Illuminate\Http\Request), Object(Illuminate\Session\Store), Object(Closure))
#25 C:\Users\OWNER\Desktop\ai-marketing-automation\vendor\laravel\framework\src\Illuminate\Pipeline\Pipeline.php(219): Illuminate\Session\Middleware\StartSession-&gt;handle(Object(Illuminate\Http\Request), Object(Closure))
#26 C:\Users\OWNER\Desktop\ai-marketing-automation\vendor\laravel\framework\src\Illuminate\Cookie\Middleware\AddQueuedCookiesToResponse.php(36): Illuminate\Pipeline\Pipeline-&gt;{closure:{closure:Illuminate\Pipeline\Pipeline::carry():194}:195}(Object(Illuminate\Http\Request))
#27 C:\Users\OWNER\Desktop\ai-marketing-automation\vendor\laravel\framework\src\Illuminate\Pipeline\Pipeline.php(219): Illuminate\Cookie\Middleware\AddQueuedCookiesToResponse-&gt;handle(Object(Illuminate\Http\Request), Object(Closure))
#28 C:\Users\OWNER\Desktop\ai-marketing-automation\vendor\laravel\framework\src\Illuminate\Cookie\Middleware\EncryptCookies.php(74): Illuminate\Pipeline\Pipeline-&gt;{closure:{closure:Illuminate\Pipeline\Pipeline::carry():194}:195}(Object(Illuminate\Http\Request))
#29 C:\Users\OWNER\Desktop\ai-marketing-automation\vendor\laravel\framework\src\Illuminate\Pipeline\Pipeline.php(219): Illuminate\Cookie\Middleware\EncryptCookies-&gt;handle(Object(Illuminate\Http\Request), Object(Closure))
#30 C:\Users\OWNER\Desktop\ai-marketing-automation\vendor\laravel\framework\src\Illuminate\Pipeline\Pipeline.php(137): Illuminate\Pipeline\Pipeline-&gt;{closure:{closure:Illuminate\Pipeline\Pipeline::carry():194}:195}(Object(Illuminate\Http\Request))
#31 C:\Users\OWNER\Desktop\ai-marketing-automation\vendor\laravel\framework\src\Illuminate\Routing\Router.php(821): Illuminate\Pipeline\Pipeline-&gt;then(Object(Closure))
#32 C:\Users\OWNER\Desktop\ai-marketing-automation\vendor\laravel\framework\src\Illuminate\Routing\Router.php(800): Illuminate\Routing\Router-&gt;runRouteWithinStack(Object(Illuminate\Routing\Route), Object(Illuminate\Http\Request))
#33 C:\Users\OWNER\Desktop\ai-marketing-automation\vendor\laravel\framework\src\Illuminate\Routing\Router.php(764): Illuminate\Routing\Router-&gt;runRoute(Object(Illuminate\Http\Request), Object(Illuminate\Routing\Route))
#34 C:\Users\OWNER\Desktop\ai-marketing-automation\vendor\laravel\framework\src\Illuminate\Routing\Router.php(753): Illuminate\Routing\Router-&gt;dispatchToRoute(Object(Illuminate\Http\Request))
#35 C:\Users\OWNER\Desktop\ai-marketing-automation\vendor\laravel\framework\src\Illuminate\Foundation\Http\Kernel.php(200): Illuminate\Routing\Router-&gt;dispatch(Object(Illuminate\Http\Request))
#36 C:\Users\OWNER\Desktop\ai-marketing-automation\vendor\laravel\framework\src\Illuminate\Pipeline\Pipeline.php(180): Illuminate\Foundation\Http\Kernel-&gt;{closure:Illuminate\Foundation\Http\Kernel::dispatchToRouter():197}(Object(Illuminate\Http\Request))
#37 C:\Users\OWNER\Desktop\ai-marketing-automation\vendor\inertiajs\inertia-laravel\src\Middleware\EnsureGetOnRedirect.php(19): Illuminate\Pipeline\Pipeline-&gt;{closure:Illuminate\Pipeline\Pipeline::prepareDestination():178}(Object(Illuminate\Http\Request))
#38 C:\Users\OWNER\Desktop\ai-marketing-automation\vendor\laravel\framework\src\Illuminate\Pipeline\Pipeline.php(219): Inertia\Middleware\EnsureGetOnRedirect-&gt;handle(Object(Illuminate\Http\Request), Object(Closure))
#39 C:\Users\OWNER\Desktop\ai-marketing-automation\vendor\laravel\framework\src\Illuminate\Foundation\Http\Middleware\TransformsRequest.php(21): Illuminate\Pipeline\Pipeline-&gt;{closure:{closure:Illuminate\Pipeline\Pipeline::carry():194}:195}(Object(Illuminate\Http\Request))
#40 C:\Users\OWNER\Desktop\ai-marketing-automation\vendor\laravel\framework\src\Illuminate\Foundation\Http\Middleware\ConvertEmptyStringsToNull.php(31): Illuminate\Foundation\Http\Middleware\TransformsRequest-&gt;handle(Object(Illuminate\Http\Request), Object(Closure))
#41 C:\Users\OWNER\Desktop\ai-marketing-automation\vendor\laravel\framework\src\Illuminate\Pipeline\Pipeline.php(219): Illuminate\Foundation\Http\Middleware\ConvertEmptyStringsToNull-&gt;handle(Object(Illuminate\Http\Request), Object(Closure))
#42 C:\Users\OWNER\Desktop\ai-marketing-automation\vendor\laravel\framework\src\Illuminate\Foundation\Http\Middleware\TransformsRequest.php(21): Illuminate\Pipeline\Pipeline-&gt;{closure:{closure:Illuminate\Pipeline\Pipeline::carry():194}:195}(Object(Illuminate\Http\Request))
#43 C:\Users\OWNER\Desktop\ai-marketing-automation\vendor\laravel\framework\src\Illuminate\Foundation\Http\Middleware\TrimStrings.php(51): Illuminate\Foundation\Http\Middleware\TransformsRequest-&gt;handle(Object(Illuminate\Http\Request), Object(Closure))
#44 C:\Users\OWNER\Desktop\ai-marketing-automation\vendor\laravel\framework\src\Illuminate\Pipeline\Pipeline.php(219): Illuminate\Foundation\Http\Middleware\TrimStrings-&gt;handle(Object(Illuminate\Http\Request), Object(Closure))
#45 C:\Users\OWNER\Desktop\ai-marketing-automation\vendor\laravel\framework\src\Illuminate\Http\Middleware\ValidatePostSize.php(27): Illuminate\Pipeline\Pipeline-&gt;{closure:{closure:Illuminate\Pipeline\Pipeline::carry():194}:195}(Object(Illuminate\Http\Request))
#46 C:\Users\OWNER\Desktop\ai-marketing-automation\vendor\laravel\framework\src\Illuminate\Pipeline\Pipeline.php(219): Illuminate\Http\Middleware\ValidatePostSize-&gt;handle(Object(Illuminate\Http\Request), Object(Closure))
#47 C:\Users\OWNER\Desktop\ai-marketing-automation\vendor\laravel\framework\src\Illuminate\Foundation\Http\Middleware\PreventRequestsDuringMaintenance.php(110): Illuminate\Pipeline\Pipeline-&gt;{closure:{closure:Illuminate\Pipeline\Pipeline::carry():194}:195}(Object(Illuminate\Http\Request))
#48 C:\Users\OWNER\Desktop\ai-marketing-automation\vendor\laravel\framework\src\Illuminate\Pipeline\Pipeline.php(219): Illuminate\Foundation\Http\Middleware\PreventRequestsDuringMaintenance-&gt;handle(Object(Illuminate\Http\Request), Object(Closure))
#49 C:\Users\OWNER\Desktop\ai-marketing-automation\vendor\laravel\framework\src\Illuminate\Http\Middleware\HandleCors.php(61): Illuminate\Pipeline\Pipeline-&gt;{closure:{closure:Illuminate\Pipeline\Pipeline::carry():194}:195}(Object(Illuminate\Http\Request))
#50 C:\Users\OWNER\Desktop\ai-marketing-automation\vendor\laravel\framework\src\Illuminate\Pipeline\Pipeline.php(219): Illuminate\Http\Middleware\HandleCors-&gt;handle(Object(Illuminate\Http\Request), Object(Closure))
#51 C:\Users\OWNER\Desktop\ai-marketing-automation\vendor\laravel\framework\src\Illuminate\Http\Middleware\TrustProxies.php(58): Illuminate\Pipeline\Pipeline-&gt;{closure:{closure:Illuminate\Pipeline\Pipeline::carry():194}:195}(Object(Illuminate\Http\Request))
#52 C:\Users\OWNER\Desktop\ai-marketing-automation\vendor\laravel\framework\src\Illuminate\Pipeline\Pipeline.php(219): Illuminate\Http\Middleware\TrustProxies-&gt;handle(Object(Illuminate\Http\Request), Object(Closure))
#53 C:\Users\OWNER\Desktop\ai-marketing-automation\vendor\laravel\framework\src\Illuminate\Foundation\Http\Middleware\InvokeDeferredCallbacks.php(22): Illuminate\Pipeline\Pipeline-&gt;{closure:{closure:Illuminate\Pipeline\Pipeline::carry():194}:195}(Object(Illuminate\Http\Request))
#54 C:\Users\OWNER\Desktop\ai-marketing-automation\vendor\laravel\framework\src\Illuminate\Pipeline\Pipeline.php(219): Illuminate\Foundation\Http\Middleware\InvokeDeferredCallbacks-&gt;handle(Object(Illuminate\Http\Request), Object(Closure))
#55 C:\Users\OWNER\Desktop\ai-marketing-automation\vendor\laravel\framework\src\Illuminate\Http\Middleware\ValidatePathEncoding.php(28): Illuminate\Pipeline\Pipeline-&gt;{closure:{closure:Illuminate\Pipeline\Pipeline::carry():194}:195}(Object(Illuminate\Http\Request))
#56 C:\Users\OWNER\Desktop\ai-marketing-automation\vendor\laravel\framework\src\Illuminate\Pipeline\Pipeline.php(219): Illuminate\Http\Middleware\ValidatePathEncoding-&gt;handle(Object(Illuminate\Http\Request), Object(Closure))
#57 C:\Users\OWNER\Desktop\ai-marketing-automation\vendor\laravel\framework\src\Illuminate\Pipeline\Pipeline.php(137): Illuminate\Pipeline\Pipeline-&gt;{closure:{closure:Illuminate\Pipeline\Pipeline::carry():194}:195}(Object(Illuminate\Http\Request))
#58 C:\Users\OWNER\Desktop\ai-marketing-automation\vendor\laravel\framework\src\Illuminate\Foundation\Http\Kernel.php(175): Illuminate\Pipeline\Pipeline-&gt;then(Object(Closure))
#59 C:\Users\OWNER\Desktop\ai-marketing-automation\vendor\laravel\framework\src\Illuminate\Foundation\Http\Kernel.php(144): Illuminate\Foundation\Http\Kernel-&gt;sendRequestThroughRouter(Object(Illuminate\Http\Request))
#60 C:\Users\OWNER\Desktop\ai-marketing-automation\vendor\laravel\framework\src\Illuminate\Foundation\Testing\Concerns\MakesHttpRequests.php(638): Illuminate\Foundation\Http\Kernel-&gt;handle(Object(Illuminate\Http\Request))
#61 C:\Users\OWNER\Desktop\ai-marketing-automation\vendor\laravel\framework\src\Illuminate\Foundation\Testing\Concerns\MakesHttpRequests.php(487): Illuminate\Foundation\Testing\TestCase-&gt;call('DELETE', '/designs/1', Array, Array, Array, Array)
#62 C:\Users\OWNER\Desktop\ai-marketing-automation\tests\Feature\DesignsTest.php(54): Illuminate\Foundation\Testing\TestCase-&gt;delete('/designs/1')
#63 C:\Users\OWNER\Desktop\ai-marketing-automation\vendor\pestphp\pest\src\Factories\TestCaseMethodFactory.php(135): P\Tests\Feature\DesignsTest-&gt;{closure:C:\Users\OWNER\Desktop\ai-marketing-automation\tests\Feature\DesignsTest.php:42}()
#64 [internal function]: P\Tests\Feature\DesignsTest-&gt;{closure:Pest\Factories\TestCaseMethodFactory::getClosure():125}()
#65 C:\Users\OWNER\Desktop\ai-marketing-automation\vendor\pestphp\pest\src\Concerns\Testable.php(497): call_user_func_array(Object(Closure), Array)
#66 C:\Users\OWNER\Desktop\ai-marketing-automation\vendor\pestphp\pest\src\Support\ExceptionTrace.php(24): P\Tests\Feature\DesignsTest-&gt;{closure:Pest\Concerns\Testable::__callClosure():497}()
#67 C:\Users\OWNER\Desktop\ai-marketing-automation\vendor\pestphp\pest\src\Concerns\Testable.php(497): Pest\Support\ExceptionTrace::ensure(Object(Closure))
#68 C:\Users\OWNER\Desktop\ai-marketing-automation\vendor\pestphp\pest\src\Concerns\Testable.php(322): P\Tests\Feature\DesignsTest-&gt;__callClosure(Object(Closure), Array)
#69 C:\Users\OWNER\Desktop\ai-marketing-automation\vendor\pestphp\pest\src\Factories\TestCaseFactory.php(170) : eval()'d code(61): P\Tests\Feature\DesignsTest-&gt;__runTest(Object(Closure))
#70 C:\Users\OWNER\Desktop\ai-marketing-automation\vendor\phpunit\phpunit\src\Framework\TestCase.php(1461): P\Tests\Feature\DesignsTest-&gt;__pest_evaluable_it_user_can_delete_their_own_design()
#71 C:\Users\OWNER\Desktop\ai-marketing-automation\vendor\phpunit\phpunit\src\Framework\TestCase.php(1475): PHPUnit\Framework\TestCase-&gt;invokeTestMethod('__pest_evaluabl...', Array)
#72 C:\Users\OWNER\Desktop\ai-marketing-automation\vendor\phpunit\phpunit\src\Framework\TestCase.php(496): PHPUnit\Framework\TestCase-&gt;runTest()
#73 C:\Users\OWNER\Desktop\ai-marketing-automation\vendor\phpunit\phpunit\src\Framework\TestRunner\TestRunner.php(126): PHPUnit\Framework\TestCase-&gt;runBare()
#74 C:\Users\OWNER\Desktop\ai-marketing-automation\vendor\phpunit\phpunit\src\Framework\TestCase.php(328): PHPUnit\Framework\TestRunner\TestRunner-&gt;run(Object(P\Tests\Feature\DesignsTest))
#75 C:\Users\OWNER\Desktop\ai-marketing-automation\vendor\phpunit\phpunit\src\Framework\TestSuite.php(627): PHPUnit\Framework\TestCase-&gt;run()
#76 C:\Users\OWNER\Desktop\ai-marketing-automation\vendor\phpunit\phpunit\src\Framework\TestSuite.php(420): PHPUnit\Framework\TestSuite-&gt;runTests(Array, Object(PHPUnit\Event\DispatchingEmitter))
#77 C:\Users\OWNER\Desktop\ai-marketing-automation\vendor\phpunit\phpunit\src\TextUI\TestRunner.php(64): PHPUnit\Framework\TestSuite-&gt;run()
#78 C:\Users\OWNER\Desktop\ai-marketing-automation\vendor\phpunit\phpunit\src\TextUI\Application.php(255): PHPUnit\TextUI\TestRunner-&gt;run(Object(PHPUnit\TextUI\Configuration\Configuration), Object(PHPUnit\Runner\TestRunHistory\DefaultTestRunHistory), Object(PHPUnit\Framework\TestSuite))
#79 C:\Users\OWNER\Desktop\ai-marketing-automation\vendor\pestphp\pest\src\Kernel.php(100): PHPUnit\TextUI\Application-&gt;run(Array)
#80 C:\Users\OWNER\Desktop\ai-marketing-automation\vendor\pestphp\pest\bin\pest(207): Pest\Kernel-&gt;handle(Array, Array)
#81 C:\Users\OWNER\Desktop\ai-marketing-automation\vendor\pestphp\pest\bin\pest(215): {closure:C:\Users\OWNER\Desktop\ai-marketing-automation\vendor\pestphp\pest\bin\pest:21}()
#82 {main}

----------------------------------------------------------------------------------

Call to undefined method App\Http\Controllers\DesignController::authorize()&#13;
&#13;
at vendor\laravel\framework\src\Illuminate\Testing\TestResponseAssert.php:45
at vendor\laravel\framework\src\Illuminate\Testing\TestResponse.php:208
at tests\Feature\DesignsTest.php:55</failure>
    </testcase>
    <testcase name="it user cannot delete another users design" file="tests\Feature\DesignsTest.php::it user cannot delete another users design" class="Tests\Feature\DesignsTest" classname="Tests.Feature.DesignsTest" assertions="1" time="0.652704">
      <failure type="PHPUnit\Framework\ExpectationFailedException">it user cannot delete another users designExpected response status code [403] but received 500.
Failed asserting that 500 is identical to 403.&#13;
&#13;
The following exception occurred during the last request:

Error: Call to undefined method App\Http\Controllers\DesignController::authorize() in C:\Users\OWNER\Desktop\ai-marketing-automation\app\Http\Controllers\DesignController.php:98
Stack trace:
#0 C:\Users\OWNER\Desktop\ai-marketing-automation\vendor\laravel\framework\src\Illuminate\Routing\ControllerDispatcher.php(46): App\Http\Controllers\DesignController-&gt;destroy(Object(App\Models\Design))
#1 C:\Users\OWNER\Desktop\ai-marketing-automation\vendor\laravel\framework\src\Illuminate\Routing\Route.php(276): Illuminate\Routing\ControllerDispatcher-&gt;dispatch(Object(Illuminate\Routing\Route), Object(App\Http\Controllers\DesignController), 'destroy')
#2 C:\Users\OWNER\Desktop\ai-marketing-automation\vendor\laravel\framework\src\Illuminate\Routing\Route.php(216): Illuminate\Routing\Route-&gt;runController()
#3 C:\Users\OWNER\Desktop\ai-marketing-automation\vendor\laravel\framework\src\Illuminate\Routing\Router.php(822): Illuminate\Routing\Route-&gt;run()
#4 C:\Users\OWNER\Desktop\ai-marketing-automation\vendor\laravel\framework\src\Illuminate\Pipeline\Pipeline.php(180): Illuminate\Routing\Router-&gt;{closure:Illuminate\Routing\Router::runRouteWithinStack():821}(Object(Illuminate\Http\Request))
#5 C:\Users\OWNER\Desktop\ai-marketing-automation\app\Http\Middleware\EnsureOnboardingCompleted.php(24): Illuminate\Pipeline\Pipeline-&gt;{closure:Illuminate\Pipeline\Pipeline::prepareDestination():178}(Object(Illuminate\Http\Request))
#6 C:\Users\OWNER\Desktop\ai-marketing-automation\vendor\laravel\framework\src\Illuminate\Pipeline\Pipeline.php(219): App\Http\Middleware\EnsureOnboardingCompleted-&gt;handle(Object(Illuminate\Http\Request), Object(Closure))
#7 C:\Users\OWNER\Desktop\ai-marketing-automation\vendor\laravel\framework\src\Illuminate\Auth\Middleware\EnsureEmailIsVerified.php(41): Illuminate\Pipeline\Pipeline-&gt;{closure:{closure:Illuminate\Pipeline\Pipeline::carry():194}:195}(Object(Illuminate\Http\Request))
#8 C:\Users\OWNER\Desktop\ai-marketing-automation\vendor\laravel\framework\src\Illuminate\Pipeline\Pipeline.php(219): Illuminate\Auth\Middleware\EnsureEmailIsVerified-&gt;handle(Object(Illuminate\Http\Request), Object(Closure))
#9 C:\Users\OWNER\Desktop\ai-marketing-automation\vendor\laravel\framework\src\Illuminate\Http\Middleware\AddLinkHeadersForPreloadedAssets.php(32): Illuminate\Pipeline\Pipeline-&gt;{closure:{closure:Illuminate\Pipeline\Pipeline::carry():194}:195}(Object(Illuminate\Http\Request))
#10 C:\Users\OWNER\Desktop\ai-marketing-automation\vendor\laravel\framework\src\Illuminate\Pipeline\Pipeline.php(219): Illuminate\Http\Middleware\AddLinkHeadersForPreloadedAssets-&gt;handle(Object(Illuminate\Http\Request), Object(Closure))
#11 C:\Users\OWNER\Desktop\ai-marketing-automation\vendor\inertiajs\inertia-laravel\src\Middleware.php(147): Illuminate\Pipeline\Pipeline-&gt;{closure:{closure:Illuminate\Pipeline\Pipeline::carry():194}:195}(Object(Illuminate\Http\Request))
#12 C:\Users\OWNER\Desktop\ai-marketing-automation\vendor\laravel\framework\src\Illuminate\Pipeline\Pipeline.php(219): Inertia\Middleware-&gt;handle(Object(Illuminate\Http\Request), Object(Closure))
#13 C:\Users\OWNER\Desktop\ai-marketing-automation\app\Http\Middleware\HandleAppearance.php(21): Illuminate\Pipeline\Pipeline-&gt;{closure:{closure:Illuminate\Pipeline\Pipeline::carry():194}:195}(Object(Illuminate\Http\Request))
#14 C:\Users\OWNER\Desktop\ai-marketing-automation\vendor\laravel\framework\src\Illuminate\Pipeline\Pipeline.php(219): App\Http\Middleware\HandleAppearance-&gt;handle(Object(Illuminate\Http\Request), Object(Closure))
#15 C:\Users\OWNER\Desktop\ai-marketing-automation\vendor\laravel\framework\src\Illuminate\Routing\Middleware\SubstituteBindings.php(52): Illuminate\Pipeline\Pipeline-&gt;{closure:{closure:Illuminate\Pipeline\Pipeline::carry():194}:195}(Object(Illuminate\Http\Request))
#16 C:\Users\OWNER\Desktop\ai-marketing-automation\vendor\laravel\framework\src\Illuminate\Pipeline\Pipeline.php(219): Illuminate\Routing\Middleware\SubstituteBindings-&gt;handle(Object(Illuminate\Http\Request), Object(Closure))
#17 C:\Users\OWNER\Desktop\ai-marketing-automation\vendor\laravel\framework\src\Illuminate\Auth\Middleware\Authenticate.php(63): Illuminate\Pipeline\Pipeline-&gt;{closure:{closure:Illuminate\Pipeline\Pipeline::carry():194}:195}(Object(Illuminate\Http\Request))
#18 C:\Users\OWNER\Desktop\ai-marketing-automation\vendor\laravel\framework\src\Illuminate\Pipeline\Pipeline.php(219): Illuminate\Auth\Middleware\Authenticate-&gt;handle(Object(Illuminate\Http\Request), Object(Closure))
#19 C:\Users\OWNER\Desktop\ai-marketing-automation\vendor\laravel\framework\src\Illuminate\Foundation\Http\Middleware\PreventRequestForgery.php(104): Illuminate\Pipeline\Pipeline-&gt;{closure:{closure:Illuminate\Pipeline\Pipeline::carry():194}:195}(Object(Illuminate\Http\Request))
#20 C:\Users\OWNER\Desktop\ai-marketing-automation\vendor\laravel\framework\src\Illuminate\Pipeline\Pipeline.php(219): Illuminate\Foundation\Http\Middleware\PreventRequestForgery-&gt;handle(Object(Illuminate\Http\Request), Object(Closure))
#21 C:\Users\OWNER\Desktop\ai-marketing-automation\vendor\laravel\framework\src\Illuminate\View\Middleware\ShareErrorsFromSession.php(48): Illuminate\Pipeline\Pipeline-&gt;{closure:{closure:Illuminate\Pipeline\Pipeline::carry():194}:195}(Object(Illuminate\Http\Request))
#22 C:\Users\OWNER\Desktop\ai-marketing-automation\vendor\laravel\framework\src\Illuminate\Pipeline\Pipeline.php(219): Illuminate\View\Middleware\ShareErrorsFromSession-&gt;handle(Object(Illuminate\Http\Request), Object(Closure))
#23 C:\Users\OWNER\Desktop\ai-marketing-automation\vendor\laravel\framework\src\Illuminate\Session\Middleware\StartSession.php(120): Illuminate\Pipeline\Pipeline-&gt;{closure:{closure:Illuminate\Pipeline\Pipeline::carry():194}:195}(Object(Illuminate\Http\Request))
#24 C:\Users\OWNER\Desktop\ai-marketing-automation\vendor\laravel\framework\src\Illuminate\Session\Middleware\StartSession.php(63): Illuminate\Session\Middleware\StartSession-&gt;handleStatefulRequest(Object(Illuminate\Http\Request), Object(Illuminate\Session\Store), Object(Closure))
#25 C:\Users\OWNER\Desktop\ai-marketing-automation\vendor\laravel\framework\src\Illuminate\Pipeline\Pipeline.php(219): Illuminate\Session\Middleware\StartSession-&gt;handle(Object(Illuminate\Http\Request), Object(Closure))
#26 C:\Users\OWNER\Desktop\ai-marketing-automation\vendor\laravel\framework\src\Illuminate\Cookie\Middleware\AddQueuedCookiesToResponse.php(36): Illuminate\Pipeline\Pipeline-&gt;{closure:{closure:Illuminate\Pipeline\Pipeline::carry():194}:195}(Object(Illuminate\Http\Request))
#27 C:\Users\OWNER\Desktop\ai-marketing-automation\vendor\laravel\framework\src\Illuminate\Pipeline\Pipeline.php(219): Illuminate\Cookie\Middleware\AddQueuedCookiesToResponse-&gt;handle(Object(Illuminate\Http\Request), Object(Closure))
#28 C:\Users\OWNER\Desktop\ai-marketing-automation\vendor\laravel\framework\src\Illuminate\Cookie\Middleware\EncryptCookies.php(74): Illuminate\Pipeline\Pipeline-&gt;{closure:{closure:Illuminate\Pipeline\Pipeline::carry():194}:195}(Object(Illuminate\Http\Request))
#29 C:\Users\OWNER\Desktop\ai-marketing-automation\vendor\laravel\framework\src\Illuminate\Pipeline\Pipeline.php(219): Illuminate\Cookie\Middleware\EncryptCookies-&gt;handle(Object(Illuminate\Http\Request), Object(Closure))
#30 C:\Users\OWNER\Desktop\ai-marketing-automation\vendor\laravel\framework\src\Illuminate\Pipeline\Pipeline.php(137): Illuminate\Pipeline\Pipeline-&gt;{closure:{closure:Illuminate\Pipeline\Pipeline::carry():194}:195}(Object(Illuminate\Http\Request))
#31 C:\Users\OWNER\Desktop\ai-marketing-automation\vendor\laravel\framework\src\Illuminate\Routing\Router.php(821): Illuminate\Pipeline\Pipeline-&gt;then(Object(Closure))
#32 C:\Users\OWNER\Desktop\ai-marketing-automation\vendor\laravel\framework\src\Illuminate\Routing\Router.php(800): Illuminate\Routing\Router-&gt;runRouteWithinStack(Object(Illuminate\Routing\Route), Object(Illuminate\Http\Request))
#33 C:\Users\OWNER\Desktop\ai-marketing-automation\vendor\laravel\framework\src\Illuminate\Routing\Router.php(764): Illuminate\Routing\Router-&gt;runRoute(Object(Illuminate\Http\Request), Object(Illuminate\Routing\Route))
#34 C:\Users\OWNER\Desktop\ai-marketing-automation\vendor\laravel\framework\src\Illuminate\Routing\Router.php(753): Illuminate\Routing\Router-&gt;dispatchToRoute(Object(Illuminate\Http\Request))
#35 C:\Users\OWNER\Desktop\ai-marketing-automation\vendor\laravel\framework\src\Illuminate\Foundation\Http\Kernel.php(200): Illuminate\Routing\Router-&gt;dispatch(Object(Illuminate\Http\Request))
#36 C:\Users\OWNER\Desktop\ai-marketing-automation\vendor\laravel\framework\src\Illuminate\Pipeline\Pipeline.php(180): Illuminate\Foundation\Http\Kernel-&gt;{closure:Illuminate\Foundation\Http\Kernel::dispatchToRouter():197}(Object(Illuminate\Http\Request))
#37 C:\Users\OWNER\Desktop\ai-marketing-automation\vendor\inertiajs\inertia-laravel\src\Middleware\EnsureGetOnRedirect.php(19): Illuminate\Pipeline\Pipeline-&gt;{closure:Illuminate\Pipeline\Pipeline::prepareDestination():178}(Object(Illuminate\Http\Request))
#38 C:\Users\OWNER\Desktop\ai-marketing-automation\vendor\laravel\framework\src\Illuminate\Pipeline\Pipeline.php(219): Inertia\Middleware\EnsureGetOnRedirect-&gt;handle(Object(Illuminate\Http\Request), Object(Closure))
#39 C:\Users\OWNER\Desktop\ai-marketing-automation\vendor\laravel\framework\src\Illuminate\Foundation\Http\Middleware\TransformsRequest.php(21): Illuminate\Pipeline\Pipeline-&gt;{closure:{closure:Illuminate\Pipeline\Pipeline::carry():194}:195}(Object(Illuminate\Http\Request))
#40 C:\Users\OWNER\Desktop\ai-marketing-automation\vendor\laravel\framework\src\Illuminate\Foundation\Http\Middleware\ConvertEmptyStringsToNull.php(31): Illuminate\Foundation\Http\Middleware\TransformsRequest-&gt;handle(Object(Illuminate\Http\Request), Object(Closure))
#41 C:\Users\OWNER\Desktop\ai-marketing-automation\vendor\laravel\framework\src\Illuminate\Pipeline\Pipeline.php(219): Illuminate\Foundation\Http\Middleware\ConvertEmptyStringsToNull-&gt;handle(Object(Illuminate\Http\Request), Object(Closure))
#42 C:\Users\OWNER\Desktop\ai-marketing-automation\vendor\laravel\framework\src\Illuminate\Foundation\Http\Middleware\TransformsRequest.php(21): Illuminate\Pipeline\Pipeline-&gt;{closure:{closure:Illuminate\Pipeline\Pipeline::carry():194}:195}(Object(Illuminate\Http\Request))
#43 C:\Users\OWNER\Desktop\ai-marketing-automation\vendor\laravel\framework\src\Illuminate\Foundation\Http\Middleware\TrimStrings.php(51): Illuminate\Foundation\Http\Middleware\TransformsRequest-&gt;handle(Object(Illuminate\Http\Request), Object(Closure))
#44 C:\Users\OWNER\Desktop\ai-marketing-automation\vendor\laravel\framework\src\Illuminate\Pipeline\Pipeline.php(219): Illuminate\Foundation\Http\Middleware\TrimStrings-&gt;handle(Object(Illuminate\Http\Request), Object(Closure))
#45 C:\Users\OWNER\Desktop\ai-marketing-automation\vendor\laravel\framework\src\Illuminate\Http\Middleware\ValidatePostSize.php(27): Illuminate\Pipeline\Pipeline-&gt;{closure:{closure:Illuminate\Pipeline\Pipeline::carry():194}:195}(Object(Illuminate\Http\Request))
#46 C:\Users\OWNER\Desktop\ai-marketing-automation\vendor\laravel\framework\src\Illuminate\Pipeline\Pipeline.php(219): Illuminate\Http\Middleware\ValidatePostSize-&gt;handle(Object(Illuminate\Http\Request), Object(Closure))
#47 C:\Users\OWNER\Desktop\ai-marketing-automation\vendor\laravel\framework\src\Illuminate\Foundation\Http\Middleware\PreventRequestsDuringMaintenance.php(110): Illuminate\Pipeline\Pipeline-&gt;{closure:{closure:Illuminate\Pipeline\Pipeline::carry():194}:195}(Object(Illuminate\Http\Request))
#48 C:\Users\OWNER\Desktop\ai-marketing-automation\vendor\laravel\framework\src\Illuminate\Pipeline\Pipeline.php(219): Illuminate\Foundation\Http\Middleware\PreventRequestsDuringMaintenance-&gt;handle(Object(Illuminate\Http\Request), Object(Closure))
#49 C:\Users\OWNER\Desktop\ai-marketing-automation\vendor\laravel\framework\src\Illuminate\Http\Middleware\HandleCors.php(61): Illuminate\Pipeline\Pipeline-&gt;{closure:{closure:Illuminate\Pipeline\Pipeline::carry():194}:195}(Object(Illuminate\Http\Request))
#50 C:\Users\OWNER\Desktop\ai-marketing-automation\vendor\laravel\framework\src\Illuminate\Pipeline\Pipeline.php(219): Illuminate\Http\Middleware\HandleCors-&gt;handle(Object(Illuminate\Http\Request), Object(Closure))
#51 C:\Users\OWNER\Desktop\ai-marketing-automation\vendor\laravel\framework\src\Illuminate\Http\Middleware\TrustProxies.php(58): Illuminate\Pipeline\Pipeline-&gt;{closure:{closure:Illuminate\Pipeline\Pipeline::carry():194}:195}(Object(Illuminate\Http\Request))
#52 C:\Users\OWNER\Desktop\ai-marketing-automation\vendor\laravel\framework\src\Illuminate\Pipeline\Pipeline.php(219): Illuminate\Http\Middleware\TrustProxies-&gt;handle(Object(Illuminate\Http\Request), Object(Closure))
#53 C:\Users\OWNER\Desktop\ai-marketing-automation\vendor\laravel\framework\src\Illuminate\Foundation\Http\Middleware\InvokeDeferredCallbacks.php(22): Illuminate\Pipeline\Pipeline-&gt;{closure:{closure:Illuminate\Pipeline\Pipeline::carry():194}:195}(Object(Illuminate\Http\Request))
#54 C:\Users\OWNER\Desktop\ai-marketing-automation\vendor\laravel\framework\src\Illuminate\Pipeline\Pipeline.php(219): Illuminate\Foundation\Http\Middleware\InvokeDeferredCallbacks-&gt;handle(Object(Illuminate\Http\Request), Object(Closure))
#55 C:\Users\OWNER\Desktop\ai-marketing-automation\vendor\laravel\framework\src\Illuminate\Http\Middleware\ValidatePathEncoding.php(28): Illuminate\Pipeline\Pipeline-&gt;{closure:{closure:Illuminate\Pipeline\Pipeline::carry():194}:195}(Object(Illuminate\Http\Request))
#56 C:\Users\OWNER\Desktop\ai-marketing-automation\vendor\laravel\framework\src\Illuminate\Pipeline\Pipeline.php(219): Illuminate\Http\Middleware\ValidatePathEncoding-&gt;handle(Object(Illuminate\Http\Request), Object(Closure))
#57 C:\Users\OWNER\Desktop\ai-marketing-automation\vendor\laravel\framework\src\Illuminate\Pipeline\Pipeline.php(137): Illuminate\Pipeline\Pipeline-&gt;{closure:{closure:Illuminate\Pipeline\Pipeline::carry():194}:195}(Object(Illuminate\Http\Request))
#58 C:\Users\OWNER\Desktop\ai-marketing-automation\vendor\laravel\framework\src\Illuminate\Foundation\Http\Kernel.php(175): Illuminate\Pipeline\Pipeline-&gt;then(Object(Closure))
#59 C:\Users\OWNER\Desktop\ai-marketing-automation\vendor\laravel\framework\src\Illuminate\Foundation\Http\Kernel.php(144): Illuminate\Foundation\Http\Kernel-&gt;sendRequestThroughRouter(Object(Illuminate\Http\Request))
#60 C:\Users\OWNER\Desktop\ai-marketing-automation\vendor\laravel\framework\src\Illuminate\Foundation\Testing\Concerns\MakesHttpRequests.php(638): Illuminate\Foundation\Http\Kernel-&gt;handle(Object(Illuminate\Http\Request))
#61 C:\Users\OWNER\Desktop\ai-marketing-automation\vendor\laravel\framework\src\Illuminate\Foundation\Testing\Concerns\MakesHttpRequests.php(487): Illuminate\Foundation\Testing\TestCase-&gt;call('DELETE', '/designs/1', Array, Array, Array, Array)
#62 C:\Users\OWNER\Desktop\ai-marketing-automation\tests\Feature\DesignsTest.php(70): Illuminate\Foundation\Testing\TestCase-&gt;delete('/designs/1')
#63 C:\Users\OWNER\Desktop\ai-marketing-automation\vendor\pestphp\pest\src\Factories\TestCaseMethodFactory.php(135): P\Tests\Feature\DesignsTest-&gt;{closure:C:\Users\OWNER\Desktop\ai-marketing-automation\tests\Feature\DesignsTest.php:60}()
#64 [internal function]: P\Tests\Feature\DesignsTest-&gt;{closure:Pest\Factories\TestCaseMethodFactory::getClosure():125}()
#65 C:\Users\OWNER\Desktop\ai-marketing-automation\vendor\pestphp\pest\src\Concerns\Testable.php(497): call_user_func_array(Object(Closure), Array)
#66 C:\Users\OWNER\Desktop\ai-marketing-automation\vendor\pestphp\pest\src\Support\ExceptionTrace.php(24): P\Tests\Feature\DesignsTest-&gt;{closure:Pest\Concerns\Testable::__callClosure():497}()
#67 C:\Users\OWNER\Desktop\ai-marketing-automation\vendor\pestphp\pest\src\Concerns\Testable.php(497): Pest\Support\ExceptionTrace::ensure(Object(Closure))
#68 C:\Users\OWNER\Desktop\ai-marketing-automation\vendor\pestphp\pest\src\Concerns\Testable.php(322): P\Tests\Feature\DesignsTest-&gt;__callClosure(Object(Closure), Array)
#69 C:\Users\OWNER\Desktop\ai-marketing-automation\vendor\pestphp\pest\src\Factories\TestCaseFactory.php(170) : eval()'d code(74): P\Tests\Feature\DesignsTest-&gt;__runTest(Object(Closure))
#70 C:\Users\OWNER\Desktop\ai-marketing-automation\vendor\phpunit\phpunit\src\Framework\TestCase.php(1461): P\Tests\Feature\DesignsTest-&gt;__pest_evaluable_it_user_cannot_delete_another_users_design()
#71 C:\Users\OWNER\Desktop\ai-marketing-automation\vendor\phpunit\phpunit\src\Framework\TestCase.php(1475): PHPUnit\Framework\TestCase-&gt;invokeTestMethod('__pest_evaluabl...', Array)
#72 C:\Users\OWNER\Desktop\ai-marketing-automation\vendor\phpunit\phpunit\src\Framework\TestCase.php(496): PHPUnit\Framework\TestCase-&gt;runTest()
#73 C:\Users\OWNER\Desktop\ai-marketing-automation\vendor\phpunit\phpunit\src\Framework\TestRunner\TestRunner.php(126): PHPUnit\Framework\TestCase-&gt;runBare()
#74 C:\Users\OWNER\Desktop\ai-marketing-automation\vendor\phpunit\phpunit\src\Framework\TestCase.php(328): PHPUnit\Framework\TestRunner\TestRunner-&gt;run(Object(P\Tests\Feature\DesignsTest))
#75 C:\Users\OWNER\Desktop\ai-marketing-automation\vendor\phpunit\phpunit\src\Framework\TestSuite.php(627): PHPUnit\Framework\TestCase-&gt;run()
#76 C:\Users\OWNER\Desktop\ai-marketing-automation\vendor\phpunit\phpunit\src\Framework\TestSuite.php(420): PHPUnit\Framework\TestSuite-&gt;runTests(Array, Object(PHPUnit\Event\DispatchingEmitter))
#77 C:\Users\OWNER\Desktop\ai-marketing-automation\vendor\phpunit\phpunit\src\TextUI\TestRunner.php(64): PHPUnit\Framework\TestSuite-&gt;run()
#78 C:\Users\OWNER\Desktop\ai-marketing-automation\vendor\phpunit\phpunit\src\TextUI\Application.php(255): PHPUnit\TextUI\TestRunner-&gt;run(Object(PHPUnit\TextUI\Configuration\Configuration), Object(PHPUnit\Runner\TestRunHistory\DefaultTestRunHistory), Object(PHPUnit\Framework\TestSuite))
#79 C:\Users\OWNER\Desktop\ai-marketing-automation\vendor\pestphp\pest\src\Kernel.php(100): PHPUnit\TextUI\Application-&gt;run(Array)
#80 C:\Users\OWNER\Desktop\ai-marketing-automation\vendor\pestphp\pest\bin\pest(207): Pest\Kernel-&gt;handle(Array, Array)
#81 C:\Users\OWNER\Desktop\ai-marketing-automation\vendor\pestphp\pest\bin\pest(215): {closure:C:\Users\OWNER\Desktop\ai-marketing-automation\vendor\pestphp\pest\bin\pest:21}()
#82 {main}

----------------------------------------------------------------------------------

Call to undefined method App\Http\Controllers\DesignController::authorize()&#13;
&#13;
at vendor\laravel\framework\src\Illuminate\Testing\TestResponseAssert.php:45
at vendor\laravel\framework\src\Illuminate\Testing\TestResponse.php:183
at vendor\laravel\framework\src\Illuminate\Testing\Concerns\AssertsStatusCodes.php:141
at tests\Feature\DesignsTest.php:71</failure>
    </testcase>
    <testcase name="it user can download their own design" file="tests\Feature\DesignsTest.php::it user can download their own design" class="Tests\Feature\DesignsTest" classname="Tests.Feature.DesignsTest" assertions="1" time="2.140472">
      <failure type="PHPUnit\Framework\ExpectationFailedException">it user can download their own designExpected response status code [200] but received 500.
Failed asserting that 500 is identical to 200.&#13;
&#13;
The following exception occurred during the last request:

Error: Call to undefined method App\Http\Controllers\DesignController::authorize() in C:\Users\OWNER\Desktop\ai-marketing-automation\app\Http\Controllers\DesignController.php:87
Stack trace:
#0 C:\Users\OWNER\Desktop\ai-marketing-automation\vendor\laravel\framework\src\Illuminate\Routing\ControllerDispatcher.php(46): App\Http\Controllers\DesignController-&gt;download(Object(App\Models\Design))
#1 C:\Users\OWNER\Desktop\ai-marketing-automation\vendor\laravel\framework\src\Illuminate\Routing\Route.php(276): Illuminate\Routing\ControllerDispatcher-&gt;dispatch(Object(Illuminate\Routing\Route), Object(App\Http\Controllers\DesignController), 'download')
#2 C:\Users\OWNER\Desktop\ai-marketing-automation\vendor\laravel\framework\src\Illuminate\Routing\Route.php(216): Illuminate\Routing\Route-&gt;runController()
#3 C:\Users\OWNER\Desktop\ai-marketing-automation\vendor\laravel\framework\src\Illuminate\Routing\Router.php(822): Illuminate\Routing\Route-&gt;run()
#4 C:\Users\OWNER\Desktop\ai-marketing-automation\vendor\laravel\framework\src\Illuminate\Pipeline\Pipeline.php(180): Illuminate\Routing\Router-&gt;{closure:Illuminate\Routing\Router::runRouteWithinStack():821}(Object(Illuminate\Http\Request))
#5 C:\Users\OWNER\Desktop\ai-marketing-automation\app\Http\Middleware\EnsureOnboardingCompleted.php(24): Illuminate\Pipeline\Pipeline-&gt;{closure:Illuminate\Pipeline\Pipeline::prepareDestination():178}(Object(Illuminate\Http\Request))
#6 C:\Users\OWNER\Desktop\ai-marketing-automation\vendor\laravel\framework\src\Illuminate\Pipeline\Pipeline.php(219): App\Http\Middleware\EnsureOnboardingCompleted-&gt;handle(Object(Illuminate\Http\Request), Object(Closure))
#7 C:\Users\OWNER\Desktop\ai-marketing-automation\vendor\laravel\framework\src\Illuminate\Auth\Middleware\EnsureEmailIsVerified.php(41): Illuminate\Pipeline\Pipeline-&gt;{closure:{closure:Illuminate\Pipeline\Pipeline::carry():194}:195}(Object(Illuminate\Http\Request))
#8 C:\Users\OWNER\Desktop\ai-marketing-automation\vendor\laravel\framework\src\Illuminate\Pipeline\Pipeline.php(219): Illuminate\Auth\Middleware\EnsureEmailIsVerified-&gt;handle(Object(Illuminate\Http\Request), Object(Closure))
#9 C:\Users\OWNER\Desktop\ai-marketing-automation\vendor\laravel\framework\src\Illuminate\Http\Middleware\AddLinkHeadersForPreloadedAssets.php(32): Illuminate\Pipeline\Pipeline-&gt;{closure:{closure:Illuminate\Pipeline\Pipeline::carry():194}:195}(Object(Illuminate\Http\Request))
#10 C:\Users\OWNER\Desktop\ai-marketing-automation\vendor\laravel\framework\src\Illuminate\Pipeline\Pipeline.php(219): Illuminate\Http\Middleware\AddLinkHeadersForPreloadedAssets-&gt;handle(Object(Illuminate\Http\Request), Object(Closure))
#11 C:\Users\OWNER\Desktop\ai-marketing-automation\vendor\inertiajs\inertia-laravel\src\Middleware.php(147): Illuminate\Pipeline\Pipeline-&gt;{closure:{closure:Illuminate\Pipeline\Pipeline::carry():194}:195}(Object(Illuminate\Http\Request))
#12 C:\Users\OWNER\Desktop\ai-marketing-automation\vendor\laravel\framework\src\Illuminate\Pipeline\Pipeline.php(219): Inertia\Middleware-&gt;handle(Object(Illuminate\Http\Request), Object(Closure))
#13 C:\Users\OWNER\Desktop\ai-marketing-automation\app\Http\Middleware\HandleAppearance.php(21): Illuminate\Pipeline\Pipeline-&gt;{closure:{closure:Illuminate\Pipeline\Pipeline::carry():194}:195}(Object(Illuminate\Http\Request))
#14 C:\Users\OWNER\Desktop\ai-marketing-automation\vendor\laravel\framework\src\Illuminate\Pipeline\Pipeline.php(219): App\Http\Middleware\HandleAppearance-&gt;handle(Object(Illuminate\Http\Request), Object(Closure))
#15 C:\Users\OWNER\Desktop\ai-marketing-automation\vendor\laravel\framework\src\Illuminate\Routing\Middleware\SubstituteBindings.php(52): Illuminate\Pipeline\Pipeline-&gt;{closure:{closure:Illuminate\Pipeline\Pipeline::carry():194}:195}(Object(Illuminate\Http\Request))
#16 C:\Users\OWNER\Desktop\ai-marketing-automation\vendor\laravel\framework\src\Illuminate\Pipeline\Pipeline.php(219): Illuminate\Routing\Middleware\SubstituteBindings-&gt;handle(Object(Illuminate\Http\Request), Object(Closure))
#17 C:\Users\OWNER\Desktop\ai-marketing-automation\vendor\laravel\framework\src\Illuminate\Auth\Middleware\Authenticate.php(63): Illuminate\Pipeline\Pipeline-&gt;{closure:{closure:Illuminate\Pipeline\Pipeline::carry():194}:195}(Object(Illuminate\Http\Request))
#18 C:\Users\OWNER\Desktop\ai-marketing-automation\vendor\laravel\framework\src\Illuminate\Pipeline\Pipeline.php(219): Illuminate\Auth\Middleware\Authenticate-&gt;handle(Object(Illuminate\Http\Request), Object(Closure))
#19 C:\Users\OWNER\Desktop\ai-marketing-automation\vendor\laravel\framework\src\Illuminate\Foundation\Http\Middleware\PreventRequestForgery.php(104): Illuminate\Pipeline\Pipeline-&gt;{closure:{closure:Illuminate\Pipeline\Pipeline::carry():194}:195}(Object(Illuminate\Http\Request))
#20 C:\Users\OWNER\Desktop\ai-marketing-automation\vendor\laravel\framework\src\Illuminate\Pipeline\Pipeline.php(219): Illuminate\Foundation\Http\Middleware\PreventRequestForgery-&gt;handle(Object(Illuminate\Http\Request), Object(Closure))
#21 C:\Users\OWNER\Desktop\ai-marketing-automation\vendor\laravel\framework\src\Illuminate\View\Middleware\ShareErrorsFromSession.php(48): Illuminate\Pipeline\Pipeline-&gt;{closure:{closure:Illuminate\Pipeline\Pipeline::carry():194}:195}(Object(Illuminate\Http\Request))
#22 C:\Users\OWNER\Desktop\ai-marketing-automation\vendor\laravel\framework\src\Illuminate\Pipeline\Pipeline.php(219): Illuminate\View\Middleware\ShareErrorsFromSession-&gt;handle(Object(Illuminate\Http\Request), Object(Closure))
#23 C:\Users\OWNER\Desktop\ai-marketing-automation\vendor\laravel\framework\src\Illuminate\Session\Middleware\StartSession.php(120): Illuminate\Pipeline\Pipeline-&gt;{closure:{closure:Illuminate\Pipeline\Pipeline::carry():194}:195}(Object(Illuminate\Http\Request))
#24 C:\Users\OWNER\Desktop\ai-marketing-automation\vendor\laravel\framework\src\Illuminate\Session\Middleware\StartSession.php(63): Illuminate\Session\Middleware\StartSession-&gt;handleStatefulRequest(Object(Illuminate\Http\Request), Object(Illuminate\Session\Store), Object(Closure))
#25 C:\Users\OWNER\Desktop\ai-marketing-automation\vendor\laravel\framework\src\Illuminate\Pipeline\Pipeline.php(219): Illuminate\Session\Middleware\StartSession-&gt;handle(Object(Illuminate\Http\Request), Object(Closure))
#26 C:\Users\OWNER\Desktop\ai-marketing-automation\vendor\laravel\framework\src\Illuminate\Cookie\Middleware\AddQueuedCookiesToResponse.php(36): Illuminate\Pipeline\Pipeline-&gt;{closure:{closure:Illuminate\Pipeline\Pipeline::carry():194}:195}(Object(Illuminate\Http\Request))
#27 C:\Users\OWNER\Desktop\ai-marketing-automation\vendor\laravel\framework\src\Illuminate\Pipeline\Pipeline.php(219): Illuminate\Cookie\Middleware\AddQueuedCookiesToResponse-&gt;handle(Object(Illuminate\Http\Request), Object(Closure))
#28 C:\Users\OWNER\Desktop\ai-marketing-automation\vendor\laravel\framework\src\Illuminate\Cookie\Middleware\EncryptCookies.php(74): Illuminate\Pipeline\Pipeline-&gt;{closure:{closure:Illuminate\Pipeline\Pipeline::carry():194}:195}(Object(Illuminate\Http\Request))
#29 C:\Users\OWNER\Desktop\ai-marketing-automation\vendor\laravel\framework\src\Illuminate\Pipeline\Pipeline.php(219): Illuminate\Cookie\Middleware\EncryptCookies-&gt;handle(Object(Illuminate\Http\Request), Object(Closure))
#30 C:\Users\OWNER\Desktop\ai-marketing-automation\vendor\laravel\framework\src\Illuminate\Pipeline\Pipeline.php(137): Illuminate\Pipeline\Pipeline-&gt;{closure:{closure:Illuminate\Pipeline\Pipeline::carry():194}:195}(Object(Illuminate\Http\Request))
#31 C:\Users\OWNER\Desktop\ai-marketing-automation\vendor\laravel\framework\src\Illuminate\Routing\Router.php(821): Illuminate\Pipeline\Pipeline-&gt;then(Object(Closure))
#32 C:\Users\OWNER\Desktop\ai-marketing-automation\vendor\laravel\framework\src\Illuminate\Routing\Router.php(800): Illuminate\Routing\Router-&gt;runRouteWithinStack(Object(Illuminate\Routing\Route), Object(Illuminate\Http\Request))
#33 C:\Users\OWNER\Desktop\ai-marketing-automation\vendor\laravel\framework\src\Illuminate\Routing\Router.php(764): Illuminate\Routing\Router-&gt;runRoute(Object(Illuminate\Http\Request), Object(Illuminate\Routing\Route))
#34 C:\Users\OWNER\Desktop\ai-marketing-automation\vendor\laravel\framework\src\Illuminate\Routing\Router.php(753): Illuminate\Routing\Router-&gt;dispatchToRoute(Object(Illuminate\Http\Request))
#35 C:\Users\OWNER\Desktop\ai-marketing-automation\vendor\laravel\framework\src\Illuminate\Foundation\Http\Kernel.php(200): Illuminate\Routing\Router-&gt;dispatch(Object(Illuminate\Http\Request))
#36 C:\Users\OWNER\Desktop\ai-marketing-automation\vendor\laravel\framework\src\Illuminate\Pipeline\Pipeline.php(180): Illuminate\Foundation\Http\Kernel-&gt;{closure:Illuminate\Foundation\Http\Kernel::dispatchToRouter():197}(Object(Illuminate\Http\Request))
#37 C:\Users\OWNER\Desktop\ai-marketing-automation\vendor\inertiajs\inertia-laravel\src\Middleware\EnsureGetOnRedirect.php(19): Illuminate\Pipeline\Pipeline-&gt;{closure:Illuminate\Pipeline\Pipeline::prepareDestination():178}(Object(Illuminate\Http\Request))
#38 C:\Users\OWNER\Desktop\ai-marketing-automation\vendor\laravel\framework\src\Illuminate\Pipeline\Pipeline.php(219): Inertia\Middleware\EnsureGetOnRedirect-&gt;handle(Object(Illuminate\Http\Request), Object(Closure))
#39 C:\Users\OWNER\Desktop\ai-marketing-automation\vendor\laravel\framework\src\Illuminate\Foundation\Http\Middleware\TransformsRequest.php(21): Illuminate\Pipeline\Pipeline-&gt;{closure:{closure:Illuminate\Pipeline\Pipeline::carry():194}:195}(Object(Illuminate\Http\Request))
#40 C:\Users\OWNER\Desktop\ai-marketing-automation\vendor\laravel\framework\src\Illuminate\Foundation\Http\Middleware\ConvertEmptyStringsToNull.php(31): Illuminate\Foundation\Http\Middleware\TransformsRequest-&gt;handle(Object(Illuminate\Http\Request), Object(Closure))
#41 C:\Users\OWNER\Desktop\ai-marketing-automation\vendor\laravel\framework\src\Illuminate\Pipeline\Pipeline.php(219): Illuminate\Foundation\Http\Middleware\ConvertEmptyStringsToNull-&gt;handle(Object(Illuminate\Http\Request), Object(Closure))
#42 C:\Users\OWNER\Desktop\ai-marketing-automation\vendor\laravel\framework\src\Illuminate\Foundation\Http\Middleware\TransformsRequest.php(21): Illuminate\Pipeline\Pipeline-&gt;{closure:{closure:Illuminate\Pipeline\Pipeline::carry():194}:195}(Object(Illuminate\Http\Request))
#43 C:\Users\OWNER\Desktop\ai-marketing-automation\vendor\laravel\framework\src\Illuminate\Foundation\Http\Middleware\TrimStrings.php(51): Illuminate\Foundation\Http\Middleware\TransformsRequest-&gt;handle(Object(Illuminate\Http\Request), Object(Closure))
#44 C:\Users\OWNER\Desktop\ai-marketing-automation\vendor\laravel\framework\src\Illuminate\Pipeline\Pipeline.php(219): Illuminate\Foundation\Http\Middleware\TrimStrings-&gt;handle(Object(Illuminate\Http\Request), Object(Closure))
#45 C:\Users\OWNER\Desktop\ai-marketing-automation\vendor\laravel\framework\src\Illuminate\Http\Middleware\ValidatePostSize.php(27): Illuminate\Pipeline\Pipeline-&gt;{closure:{closure:Illuminate\Pipeline\Pipeline::carry():194}:195}(Object(Illuminate\Http\Request))
#46 C:\Users\OWNER\Desktop\ai-marketing-automation\vendor\laravel\framework\src\Illuminate\Pipeline\Pipeline.php(219): Illuminate\Http\Middleware\ValidatePostSize-&gt;handle(Object(Illuminate\Http\Request), Object(Closure))
#47 C:\Users\OWNER\Desktop\ai-marketing-automation\vendor\laravel\framework\src\Illuminate\Foundation\Http\Middleware\PreventRequestsDuringMaintenance.php(110): Illuminate\Pipeline\Pipeline-&gt;{closure:{closure:Illuminate\Pipeline\Pipeline::carry():194}:195}(Object(Illuminate\Http\Request))
#48 C:\Users\OWNER\Desktop\ai-marketing-automation\vendor\laravel\framework\src\Illuminate\Pipeline\Pipeline.php(219): Illuminate\Foundation\Http\Middleware\PreventRequestsDuringMaintenance-&gt;handle(Object(Illuminate\Http\Request), Object(Closure))
#49 C:\Users\OWNER\Desktop\ai-marketing-automation\vendor\laravel\framework\src\Illuminate\Http\Middleware\HandleCors.php(61): Illuminate\Pipeline\Pipeline-&gt;{closure:{closure:Illuminate\Pipeline\Pipeline::carry():194}:195}(Object(Illuminate\Http\Request))
#50 C:\Users\OWNER\Desktop\ai-marketing-automation\vendor\laravel\framework\src\Illuminate\Pipeline\Pipeline.php(219): Illuminate\Http\Middleware\HandleCors-&gt;handle(Object(Illuminate\Http\Request), Object(Closure))
#51 C:\Users\OWNER\Desktop\ai-marketing-automation\vendor\laravel\framework\src\Illuminate\Http\Middleware\TrustProxies.php(58): Illuminate\Pipeline\Pipeline-&gt;{closure:{closure:Illuminate\Pipeline\Pipeline::carry():194}:195}(Object(Illuminate\Http\Request))
#52 C:\Users\OWNER\Desktop\ai-marketing-automation\vendor\laravel\framework\src\Illuminate\Pipeline\Pipeline.php(219): Illuminate\Http\Middleware\TrustProxies-&gt;handle(Object(Illuminate\Http\Request), Object(Closure))
#53 C:\Users\OWNER\Desktop\ai-marketing-automation\vendor\laravel\framework\src\Illuminate\Foundation\Http\Middleware\InvokeDeferredCallbacks.php(22): Illuminate\Pipeline\Pipeline-&gt;{closure:{closure:Illuminate\Pipeline\Pipeline::carry():194}:195}(Object(Illuminate\Http\Request))
#54 C:\Users\OWNER\Desktop\ai-marketing-automation\vendor\laravel\framework\src\Illuminate\Pipeline\Pipeline.php(219): Illuminate\Foundation\Http\Middleware\InvokeDeferredCallbacks-&gt;handle(Object(Illuminate\Http\Request), Object(Closure))
#55 C:\Users\OWNER\Desktop\ai-marketing-automation\vendor\laravel\framework\src\Illuminate\Http\Middleware\ValidatePathEncoding.php(28): Illuminate\Pipeline\Pipeline-&gt;{closure:{closure:Illuminate\Pipeline\Pipeline::carry():194}:195}(Object(Illuminate\Http\Request))
#56 C:\Users\OWNER\Desktop\ai-marketing-automation\vendor\laravel\framework\src\Illuminate\Pipeline\Pipeline.php(219): Illuminate\Http\Middleware\ValidatePathEncoding-&gt;handle(Object(Illuminate\Http\Request), Object(Closure))
#57 C:\Users\OWNER\Desktop\ai-marketing-automation\vendor\laravel\framework\src\Illuminate\Pipeline\Pipeline.php(137): Illuminate\Pipeline\Pipeline-&gt;{closure:{closure:Illuminate\Pipeline\Pipeline::carry():194}:195}(Object(Illuminate\Http\Request))
#58 C:\Users\OWNER\Desktop\ai-marketing-automation\vendor\laravel\framework\src\Illuminate\Foundation\Http\Kernel.php(175): Illuminate\Pipeline\Pipeline-&gt;then(Object(Closure))
#59 C:\Users\OWNER\Desktop\ai-marketing-automation\vendor\laravel\framework\src\Illuminate\Foundation\Http\Kernel.php(144): Illuminate\Foundation\Http\Kernel-&gt;sendRequestThroughRouter(Object(Illuminate\Http\Request))
#60 C:\Users\OWNER\Desktop\ai-marketing-automation\vendor\laravel\framework\src\Illuminate\Foundation\Testing\Concerns\MakesHttpRequests.php(638): Illuminate\Foundation\Http\Kernel-&gt;handle(Object(Illuminate\Http\Request))
#61 C:\Users\OWNER\Desktop\ai-marketing-automation\vendor\laravel\framework\src\Illuminate\Foundation\Testing\Concerns\MakesHttpRequests.php(368): Illuminate\Foundation\Testing\TestCase-&gt;call('GET', '/designs/1/down...', Array, Array, Array, Array)
#62 C:\Users\OWNER\Desktop\ai-marketing-automation\tests\Feature\DesignsTest.php(86): Illuminate\Foundation\Testing\TestCase-&gt;get('/designs/1/down...')
#63 C:\Users\OWNER\Desktop\ai-marketing-automation\vendor\pestphp\pest\src\Factories\TestCaseMethodFactory.php(135): P\Tests\Feature\DesignsTest-&gt;{closure:C:\Users\OWNER\Desktop\ai-marketing-automation\tests\Feature\DesignsTest.php:74}()
#64 [internal function]: P\Tests\Feature\DesignsTest-&gt;{closure:Pest\Factories\TestCaseMethodFactory::getClosure():125}()
#65 C:\Users\OWNER\Desktop\ai-marketing-automation\vendor\pestphp\pest\src\Concerns\Testable.php(497): call_user_func_array(Object(Closure), Array)
#66 C:\Users\OWNER\Desktop\ai-marketing-automation\vendor\pestphp\pest\src\Support\ExceptionTrace.php(24): P\Tests\Feature\DesignsTest-&gt;{closure:Pest\Concerns\Testable::__callClosure():497}()
#67 C:\Users\OWNER\Desktop\ai-marketing-automation\vendor\pestphp\pest\src\Concerns\Testable.php(497): Pest\Support\ExceptionTrace::ensure(Object(Closure))
#68 C:\Users\OWNER\Desktop\ai-marketing-automation\vendor\pestphp\pest\src\Concerns\Testable.php(322): P\Tests\Feature\DesignsTest-&gt;__callClosure(Object(Closure), Array)
#69 C:\Users\OWNER\Desktop\ai-marketing-automation\vendor\pestphp\pest\src\Factories\TestCaseFactory.php(170) : eval()'d code(87): P\Tests\Feature\DesignsTest-&gt;__runTest(Object(Closure))
#70 C:\Users\OWNER\Desktop\ai-marketing-automation\vendor\phpunit\phpunit\src\Framework\TestCase.php(1461): P\Tests\Feature\DesignsTest-&gt;__pest_evaluable_it_user_can_download_their_own_design()
#71 C:\Users\OWNER\Desktop\ai-marketing-automation\vendor\phpunit\phpunit\src\Framework\TestCase.php(1475): PHPUnit\Framework\TestCase-&gt;invokeTestMethod('__pest_evaluabl...', Array)
#72 C:\Users\OWNER\Desktop\ai-marketing-automation\vendor\phpunit\phpunit\src\Framework\TestCase.php(496): PHPUnit\Framework\TestCase-&gt;runTest()
#73 C:\Users\OWNER\Desktop\ai-marketing-automation\vendor\phpunit\phpunit\src\Framework\TestRunner\TestRunner.php(126): PHPUnit\Framework\TestCase-&gt;runBare()
#74 C:\Users\OWNER\Desktop\ai-marketing-automation\vendor\phpunit\phpunit\src\Framework\TestCase.php(328): PHPUnit\Framework\TestRunner\TestRunner-&gt;run(Object(P\Tests\Feature\DesignsTest))
#75 C:\Users\OWNER\Desktop\ai-marketing-automation\vendor\phpunit\phpunit\src\Framework\TestSuite.php(627): PHPUnit\Framework\TestCase-&gt;run()
#76 C:\Users\OWNER\Desktop\ai-marketing-automation\vendor\phpunit\phpunit\src\Framework\TestSuite.php(420): PHPUnit\Framework\TestSuite-&gt;runTests(Array, Object(PHPUnit\Event\DispatchingEmitter))
#77 C:\Users\OWNER\Desktop\ai-marketing-automation\vendor\phpunit\phpunit\src\TextUI\TestRunner.php(64): PHPUnit\Framework\TestSuite-&gt;run()
#78 C:\Users\OWNER\Desktop\ai-marketing-automation\vendor\phpunit\phpunit\src\TextUI\Application.php(255): PHPUnit\TextUI\TestRunner-&gt;run(Object(PHPUnit\TextUI\Configuration\Configuration), Object(PHPUnit\Runner\TestRunHistory\DefaultTestRunHistory), Object(PHPUnit\Framework\TestSuite))
#79 C:\Users\OWNER\Desktop\ai-marketing-automation\vendor\pestphp\pest\src\Kernel.php(100): PHPUnit\TextUI\Application-&gt;run(Array)
#80 C:\Users\OWNER\Desktop\ai-marketing-automation\vendor\pestphp\pest\bin\pest(207): Pest\Kernel-&gt;handle(Array, Array)
#81 C:\Users\OWNER\Desktop\ai-marketing-automation\vendor\pestphp\pest\bin\pest(215): {closure:C:\Users\OWNER\Desktop\ai-marketing-automation\vendor\pestphp\pest\bin\pest:21}()
#82 {main}

----------------------------------------------------------------------------------

Call to undefined method App\Http\Controllers\DesignController::authorize()&#13;
&#13;
at vendor\laravel\framework\src\Illuminate\Testing\TestResponseAssert.php:45
at vendor\laravel\framework\src\Illuminate\Testing\TestResponse.php:183
at vendor\laravel\framework\src\Illuminate\Testing\Concerns\AssertsStatusCodes.php:16
at tests\Feature\DesignsTest.php:87</failure>
    </testcase>
    <testcase name="it user cannot download another users design" file="tests\Feature\DesignsTest.php::it user cannot download another users design" class="Tests\Feature\DesignsTest" classname="Tests.Feature.DesignsTest" assertions="1" time="0.670443">
      <failure type="PHPUnit\Framework\ExpectationFailedException">it user cannot download another users designExpected response status code [403] but received 500.
Failed asserting that 500 is identical to 403.&#13;
&#13;
The following exception occurred during the last request:

Error: Call to undefined method App\Http\Controllers\DesignController::authorize() in C:\Users\OWNER\Desktop\ai-marketing-automation\app\Http\Controllers\DesignController.php:87
Stack trace:
#0 C:\Users\OWNER\Desktop\ai-marketing-automation\vendor\laravel\framework\src\Illuminate\Routing\ControllerDispatcher.php(46): App\Http\Controllers\DesignController-&gt;download(Object(App\Models\Design))
#1 C:\Users\OWNER\Desktop\ai-marketing-automation\vendor\laravel\framework\src\Illuminate\Routing\Route.php(276): Illuminate\Routing\ControllerDispatcher-&gt;dispatch(Object(Illuminate\Routing\Route), Object(App\Http\Controllers\DesignController), 'download')
[...]

Error: Call to undefined method App\Http\Controllers\DesignController::authorize() in C:\Users\OWNER\Desktop\ai-marketing-automation\app\Http\Controllers\DesignController.php:87
Stack trace:
#0 C:\Users\OWNER\Desktop\ai-marketing-automation\vendor\laravel\framework\src\Illuminate\Routing\ControllerDispatcher.php(46): App\Http\Controllers\DesignController-&gt;download(Object(App\Models\Design))
#1 C:\Users\OWNER\Desktop\ai-marketing-automation\vendor\laravel\framework\src\Illuminate\Routing\Route.php(276): Illuminate\Routing\ControllerDispatcher-&gt;dispatch(Object(Illuminate\Routing\Route), Object(App\Http\Controllers\DesignController), 'download')
#2 C:\Users\OWNER\Desktop\ai-marketing-automation\vendor\laravel\framework\src\Illuminate\Routing\Route.php(216): Illuminate\Routing\Route-&gt;runController()
#3 C:\Users\OWNER\Desktop\ai-marketing-automation\vendor\laravel\framework\src\Illuminate\Routing\Router.php(822): Illuminate\Routing\Route-&gt;run()
#4 C:\Users\OWNER\Desktop\ai-marketing-automation\vendor\laravel\framework\src\Illuminate\Pipeline\Pipeline.php(180): Illuminate\Routing\Router-&gt;{closure:Illuminate\Routing\Router::runRouteWithinStack():821}(Object(Illuminate\Http\Request))
#5 C:\Users\OWNER\Desktop\ai-marketing-automation\app\Http\Middleware\EnsureOnboardingCompleted.php(24): Illuminate\Pipeline\Pipeline-&gt;{closure:Illuminate\Pipeline\Pipeline::prepareDestination():178}(Object(Illuminate\Http\Request))
#6 C:\Users\OWNER\Desktop\ai-marketing-automation\vendor\laravel\framework\src\Illuminate\Pipeline\Pipeline.php(219): App\Http\Middleware\EnsureOnboardingCompleted-&gt;handle(Object(Illuminate\Http\Request), Object(Closure))
#7 C:\Users\OWNER\Desktop\ai-marketing-automation\vendor\laravel\framework\src\Illuminate\Auth\Middleware\EnsureEmailIsVerified.php(41): Illuminate\Pipeline\Pipeline-&gt;{closure:{closure:Illuminate\Pipeline\Pipeline::carry():194}:195}(Object(Illuminate\Http\Request))
#8 C:\Users\OWNER\Desktop\ai-marketing-automation\vendor\laravel\framework\src\Illuminate\Pipeline\Pipeline.php(219): Illuminate\Auth\Middleware\EnsureEmailIsVerified-&gt;handle(Object(Illuminate\Http\Request), Object(Closure))
#9 C:\Users\OWNER\Desktop\ai-marketing-automation\vendor\laravel\framework\src\Illuminate\Http\Middleware\AddLinkHeadersForPreloadedAssets.php(32): Illuminate\Pipeline\Pipeline-&gt;{closure:{closure:Illuminate\Pipeline\Pipeline::carry():194}:195}(Object(Illuminate\Http\Request))
#10 C:\Users\OWNER\Desktop\ai-marketing-automation\vendor\laravel\framework\src\Illuminate\Pipeline\Pipeline.php(219): Illuminate\Http\Middleware\AddLinkHeadersForPreloadedAssets-&gt;handle(Object(Illuminate\Http\Request), Object(Closure))
#11 C:\Users\OWNER\Desktop\ai-marketing-automation\vendor\inertiajs\inertia-laravel\src\Middleware.php(147): Illuminate\Pipeline\Pipeline-&gt;{closure:{closure:Illuminate\Pipeline\Pipeline::carry():194}:195}(Object(Illuminate\Http\Request))
#12 C:\Users\OWNER\Desktop\ai-marketing-automation\vendor\laravel\framework\src\Illuminate\Pipeline\Pipeline.php(219): Inertia\Middleware-&gt;handle(Object(Illuminate\Http\Request), Object(Closure))
#13 C:\Users\OWNER\Desktop\ai-marketing-automation\app\Http\Middleware\HandleAppearance.php(21): Illuminate\Pipeline\Pipeline-&gt;{closure:{closure:Illuminate\Pipeline\Pipeline::carry():194}:195}(Object(Illuminate\Http\Request))
#14 C:\Users\OWNER\Desktop\ai-marketing-automation\vendor\laravel\framework\src\Illuminate\Pipeline\Pipeline.php(219): App\Http\Middleware\HandleAppearance-&gt;handle(Object(Illuminate\Http\Request), Object(Closure))
#15 C:\Users\OWNER\Desktop\ai-marketing-automation\vendor\laravel\framework\src\Illuminate\Routing\Middleware\SubstituteBindings.php(52): Illuminate\Pipeline\Pipeline-&gt;{closure:{closure:Illuminate\Pipeline\Pipeline::carry():194}:195}(Object(Illuminate\Http\Request))
#16 C:\Users\OWNER\Desktop\ai-marketing-automation\vendor\laravel\framework\src\Illuminate\Pipeline\Pipeline.php(219): Illuminate\Routing\Middleware\SubstituteBindings-&gt;handle(Object(Illuminate\Http\Request), Object(Closure))
#17 C:\Users\OWNER\Desktop\ai-marketing-automation\vendor\laravel\framework\src\Illuminate\Auth\Middleware\Authenticate.php(63): Illuminate\Pipeline\Pipeline-&gt;{closure:{closure:Illuminate\Pipeline\Pipeline::carry():194}:195}(Object(Illuminate\Http\Request))
#18 C:\Users\OWNER\Desktop\ai-marketing-automation\vendor\laravel\framework\src\Illuminate\Pipeline\Pipeline.php(219): Illuminate\Auth\Middleware\Authenticate-&gt;handle(Object(Illuminate\Http\Request), Object(Closure))
#19 C:\Users\OWNER\Desktop\ai-marketing-automation\vendor\laravel\framework\src\Illuminate\Foundation\Http\Middleware\PreventRequestForgery.php(104): Illuminate\Pipeline\Pipeline-&gt;{closure:{closure:Illuminate\Pipeline\Pipeline::carry():194}:195}(Object(Illuminate\Http\Request))
#20 C:\Users\OWNER\Desktop\ai-marketing-automation\vendor\laravel\framework\src\Illuminate\Pipeline\Pipeline.php(219): Illuminate\Foundation\Http\Middleware\PreventRequestForgery-&gt;handle(Object(Illuminate\Http\Request), Object(Closure))
#21 C:\Users\OWNER\Desktop\ai-marketing-automation\vendor\laravel\framework\src\Illuminate\View\Middleware\ShareErrorsFromSession.php(48): Illuminate\Pipeline\Pipeline-&gt;{closure:{closure:Illuminate\Pipeline\Pipeline::carry():194}:195}(Object(Illuminate\Http\Request))
#22 C:\Users\OWNER\Desktop\ai-marketing-automation\vendor\laravel\framework\src\Illuminate\Pipeline\Pipeline.php(219): Illuminate\View\Middleware\ShareErrorsFromSession-&gt;handle(Object(Illuminate\Http\Request), Object(Closure))
#23 C:\Users\OWNER\Desktop\ai-marketing-automation\vendor\laravel\framework\src\Illuminate\Session\Middleware\StartSession.php(120): Illuminate\Pipeline\Pipeline-&gt;{closure:{closure:Illuminate\Pipeline\Pipeline::carry():194}:195}(Object(Illuminate\Http\Request))
#24 C:\Users\OWNER\Desktop\ai-marketing-automation\vendor\laravel\framework\src\Illuminate\Session\Middleware\StartSession.php(63): Illuminate\Session\Middleware\StartSession-&gt;handleStatefulRequest(Object(Illuminate\Http\Request), Object(Illuminate\Session\Store), Object(Closure))
#25 C:\Users\OWNER\Desktop\ai-marketing-automation\vendor\laravel\framework\src\Illuminate\Pipeline\Pipeline.php(219): Illuminate\Session\Middleware\StartSession-&gt;handle(Object(Illuminate\Http\Request), Object(Closure))
#26 C:\Users\OWNER\Desktop\ai-marketing-automation\vendor\laravel\framework\src\Illuminate\Cookie\Middleware\AddQueuedCookiesToResponse.php(36): Illuminate\Pipeline\Pipeline-&gt;{closure:{closure:Illuminate\Pipeline\Pipeline::carry():194}:195}(Object(Illuminate\Http\Request))
#27 C:\Users\OWNER\Desktop\ai-marketing-automation\vendor\laravel\framework\src\Illuminate\Pipeline\Pipeline.php(219): Illuminate\Cookie\Middleware\AddQueuedCookiesToResponse-&gt;handle(Object(Illuminate\Http\Request), Object(Closure))
#28 C:\Users\OWNER\Desktop\ai-marketing-automation\vendor\laravel\framework\src\Illuminate\Cookie\Middleware\EncryptCookies.php(74): Illuminate\Pipeline\Pipeline-&gt;{closure:{closure:Illuminate\Pipeline\Pipeline::carry():194}:195}(Object(Illuminate\Http\Request))
#29 C:\Users\OWNER\Desktop\ai-marketing-automation\vendor\laravel\framework\src\Illuminate\Pipeline\Pipeline.php(219): Illuminate\Cookie\Middleware\EncryptCookies-&gt;handle(Object(Illuminate\Http\Request), Object(Closure))
#30 C:\Users\OWNER\Desktop\ai-marketing-automation\vendor\laravel\framework\src\Illuminate\Pipeline\Pipeline.php(137): Illuminate\Pipeline\Pipeline-&gt;{closure:{closure:Illuminate\Pipeline\Pipeline::carry():194}:195}(Object(Illuminate\Http\Request))
#31 C:\Users\OWNER\Desktop\ai-marketing-automation\vendor\laravel\framework\src\Illuminate\Routing\Router.php(821): Illuminate\Pipeline\Pipeline-&gt;then(Object(Closure))
#32 C:\Users\OWNER\Desktop\ai-marketing-automation\vendor\laravel\framework\src\Illuminate\Routing\Router.php(800): Illuminate\Routing\Router-&gt;runRouteWithinStack(Object(Illuminate\Routing\Route), Object(Illuminate\Http\Request))
#33 C:\Users\OWNER\Desktop\ai-marketing-automation\vendor\laravel\framework\src\Illuminate\Routing\Router.php(764): Illuminate\Routing\Router-&gt;runRoute(Object(Illuminate\Http\Request), Object(Illuminate\Routing\Route))
#34 C:\Users\OWNER\Desktop\ai-marketing-automation\vendor\laravel\framework\src\Illuminate\Routing\Router.php(753): Illuminate\Routing\Router-&gt;dispatchToRoute(Object(Illuminate\Http\Request))
#35 C:\Users\OWNER\Desktop\ai-marketing-automation\vendor\laravel\framework\src\Illuminate\Foundation\Http\Kernel.php(200): Illuminate\Routing\Router-&gt;dispatch(Object(Illuminate\Http\Request))
#36 C:\Users\OWNER\Desktop\ai-marketing-automation\vendor\laravel\framework\src\Illuminate\Pipeline\Pipeline.php(180): Illuminate\Foundation\Http\Kernel-&gt;{closure:Illuminate\Foundation\Http\Kernel::dispatchToRouter():197}(Object(Illuminate\Http\Request))
#37 C:\Users\OWNER\Desktop\ai-marketing-automation\vendor\inertiajs\inertia-laravel\src\Middleware\EnsureGetOnRedirect.php(19): Illuminate\Pipeline\Pipeline-&gt;{closure:Illuminate\Pipeline\Pipeline::prepareDestination():178}(Object(Illuminate\Http\Request))
#38 C:\Users\OWNER\Desktop\ai-marketing-automation\vendor\laravel\framework\src\Illuminate\Pipeline\Pipeline.php(219): Inertia\Middleware\EnsureGetOnRedirect-&gt;handle(Object(Illuminate\Http\Request), Object(Closure))
#39 C:\Users\OWNER\Desktop\ai-marketing-automation\vendor\laravel\framework\src\Illuminate\Foundation\Http\Middleware\TransformsRequest.php(21): Illuminate\Pipeline\Pipeline-&gt;{closure:{closure:Illuminate\Pipeline\Pipeline::carry():194}:195}(Object(Illuminate\Http\Request))
#40 C:\Users\OWNER\Desktop\ai-marketing-automation\vendor\laravel\framework\src\Illuminate\Foundation\Http\Middleware\ConvertEmptyStringsToNull.php(31): Illuminate\Foundation\Http\Middleware\TransformsRequest-&gt;handle(Object(Illuminate\Http\Request), Object(Closure))
#41 C:\Users\OWNER\Desktop\ai-marketing-automation\vendor\laravel\framework\src\Illuminate\Pipeline\Pipeline.php(219): Illuminate\Foundation\Http\Middleware\ConvertEmptyStringsToNull-&gt;handle(Object(Illuminate\Http\Request), Object(Closure))
#42 C:\Users\OWNER\Desktop\ai-marketing-automation\vendor\laravel\framework\src\Illuminate\Foundation\Http\Middleware\TransformsRequest.php(21): Illuminate\Pipeline\Pipeline-&gt;{closure:{closure:Illuminate\Pipeline\Pipeline::carry():194}:195}(Object(Illuminate\Http\Request))
#43 C:\Users\OWNER\Desktop\ai-marketing-automation\vendor\laravel\framework\src\Illuminate\Foundation\Http\Middleware\TrimStrings.php(51): Illuminate\Foundation\Http\Middleware\TransformsRequest-&gt;handle(Object(Illuminate\Http\Request), Object(Closure))
#44 C:\Users\OWNER\Desktop\ai-marketing-automation\vendor\laravel\framework\src\Illuminate\Pipeline\Pipeline.php(219): Illuminate\Foundation\Http\Middleware\TrimStrings-&gt;handle(Object(Illuminate\Http\Request), Object(Closure))
#45 C:\Users\OWNER\Desktop\ai-marketing-automation\vendor\laravel\framework\src\Illuminate\Http\Middleware\ValidatePostSize.php(27): Illuminate\Pipeline\Pipeline-&gt;{closure:{closure:Illuminate\Pipeline\Pipeline::carry():194}:195}(Object(Illuminate\Http\Request))
#46 C:\Users\OWNER\Desktop\ai-marketing-automation\vendor\laravel\framework\src\Illuminate\Pipeline\Pipeline.php(219): Illuminate\Http\Middleware\ValidatePostSize-&gt;handle(Object(Illuminate\Http\Request), Object(Closure))
#47 C:\Users\OWNER\Desktop\ai-marketing-automation\vendor\laravel\framework\src\Illuminate\Foundation\Http\Middleware\PreventRequestsDuringMaintenance.php(110): Illuminate\Pipeline\Pipeline-&gt;{closure:{closure:Illuminate\Pipeline\Pipeline::carry():194}:195}(Object(Illuminate\Http\Request))
#48 C:\Users\OWNER\Desktop\ai-marketing-automation\vendor\laravel\framework\src\Illuminate\Pipeline\Pipeline.php(219): Illuminate\Foundation\Http\Middleware\PreventRequestsDuringMaintenance-&gt;handle(Object(Illuminate\Http\Request), Object(Closure))
#49 C:\Users\OWNER\Desktop\ai-marketing-automation\vendor\laravel\framework\src\Illuminate\Http\Middleware\HandleCors.php(61): Illuminate\Pipeline\Pipeline-&gt;{closure:{closure:Illuminate\Pipeline\Pipeline::carry():194}:195}(Object(Illuminate\Http\Request))
#50 C:\Users\OWNER\Desktop\ai-marketing-automation\vendor\laravel\framework\src\Illuminate\Pipeline\Pipeline.php(219): Illuminate\Http\Middleware\HandleCors-&gt;handle(Object(Illuminate\Http\Request), Object(Closure))
#51 C:\Users\OWNER\Desktop\ai-marketing-automation\vendor\laravel\framework\src\Illuminate\Http\Middleware\TrustProxies.php(58): Illuminate\Pipeline\Pipeline-&gt;{closure:{closure:Illuminate\Pipeline\Pipeline::carry():194}:195}(Object(Illuminate\Http\Request))
#52 C:\Users\OWNER\Desktop\ai-marketing-automation\vendor\laravel\framework\src\Illuminate\Pipeline\Pipeline.php(219): Illuminate\Http\Middleware\TrustProxies-&gt;handle(Object(Illuminate\Http\Request), Object(Closure))
#53 C:\Users\OWNER\Desktop\ai-marketing-automation\vendor\laravel\framework\src\Illuminate\Foundation\Http\Middleware\InvokeDeferredCallbacks.php(22): Illuminate\Pipeline\Pipeline-&gt;{closure:{closure:Illuminate\Pipeline\Pipeline::carry():194}:195}(Object(Illuminate\Http\Request))
#54 C:\Users\OWNER\Desktop\ai-marketing-automation\vendor\laravel\framework\src\Illuminate\Pipeline\Pipeline.php(219): Illuminate\Foundation\Http\Middleware\InvokeDeferredCallbacks-&gt;handle(Object(Illuminate\Http\Request), Object(Closure))
#55 C:\Users\OWNER\Desktop\ai-marketing-automation\vendor\laravel\framework\src\Illuminate\Http\Middleware\ValidatePathEncoding.php(28): Illuminate\Pipeline\Pipeline-&gt;{closure:{closure:Illuminate\Pipeline\Pipeline::carry():194}:195}(Object(Illuminate\Http\Request))
#56 C:\Users\OWNER\Desktop\ai-marketing-automation\vendor\laravel\framework\src\Illuminate\Pipeline\Pipeline.php(219): Illuminate\Http\Middleware\ValidatePathEncoding-&gt;handle(Object(Illuminate\Http\Request), Object(Closure))
#57 C:\Users\OWNER\Desktop\ai-marketing-automation\vendor\laravel\framework\src\Illuminate\Pipeline\Pipeline.php(137): Illuminate\Pipeline\Pipeline-&gt;{closure:{closure:Illuminate\Pipeline\Pipeline::carry():194}:195}(Object(Illuminate\Http\Request))
#58 C:\Users\OWNER\Desktop\ai-marketing-automation\vendor\laravel\framework\src\Illuminate\Foundation\Http\Kernel.php(175): Illuminate\Pipeline\Pipeline-&gt;then(Object(Closure))
#59 C:\Users\OWNER\Desktop\ai-marketing-automation\vendor\laravel\framework\src\Illuminate\Foundation\Http\Kernel.php(144): Illuminate\Foundation\Http\Kernel-&gt;sendRequestThroughRouter(Object(Illuminate\Http\Request))
#60 C:\Users\OWNER\Desktop\ai-marketing-automation\vendor\laravel\framework\src\Illuminate\Foundation\Testing\Concerns\MakesHttpRequests.php(638): Illuminate\Foundation\Http\Kernel-&gt;handle(Object(Illuminate\Http\Request))
#61 C:\Users\OWNER\Desktop\ai-marketing-automation\vendor\laravel\framework\src\Illuminate\Foundation\Testing\Concerns\MakesHttpRequests.php(368): Illuminate\Foundation\Testing\TestCase-&gt;call('GET', '/designs/1/down...', Array, Array, Array, Array)
#62 C:\Users\OWNER\Desktop\ai-marketing-automation\tests\Feature\DesignsTest.php(114): Illuminate\Foundation\Testing\TestCase-&gt;get('/designs/1/down...')
#63 C:\Users\OWNER\Desktop\ai-marketing-automation\vendor\pestphp\pest\src\Factories\TestCaseMethodFactory.php(135): P\Tests\Feature\DesignsTest-&gt;{closure:C:\Users\OWNER\Desktop\ai-marketing-automation\tests\Feature\DesignsTest.php:105}()
#64 [internal function]: P\Tests\Feature\DesignsTest-&gt;{closure:Pest\Factories\TestCaseMethodFactory::getClosure():125}()
#65 C:\Users\OWNER\Desktop\ai-marketing-automation\vendor\pestphp\pest\src\Concerns\Testable.php(497): call_user_func_array(Object(Closure), Array)
#66 C:\Users\OWNER\Desktop\ai-marketing-automation\vendor\pestphp\pest\src\Support\ExceptionTrace.php(24): P\Tests\Feature\DesignsTest-&gt;{closure:Pest\Concerns\Testable::__callClosure():497}()
#67 C:\Users\OWNER\Desktop\ai-marketing-automation\vendor\pestphp\pest\src\Concerns\Testable.php(497): Pest\Support\ExceptionTrace::ensure(Object(Closure))
#68 C:\Users\OWNER\Desktop\ai-marketing-automation\vendor\pestphp\pest\src\Concerns\Testable.php(322): P\Tests\Feature\DesignsTest-&gt;__callClosure(Object(Closure), Array)
#69 C:\Users\OWNER\Desktop\ai-marketing-automation\vendor\pestphp\pest\src\Factories\TestCaseFactory.php(170) : eval()'d code(113): P\Tests\Feature\DesignsTest-&gt;__runTest(Object(Closure))
#70 C:\Users\OWNER\Desktop\ai-marketing-automation\vendor\phpunit\phpunit\src\Framework\TestCase.php(1461): P\Tests\Feature\DesignsTest-&gt;__pest_evaluable_it_missing_image_file_is_handled_gracefully()
#71 C:\Users\OWNER\Desktop\ai-marketing-automation\vendor\phpunit\phpunit\src\Framework\TestCase.php(1475): PHPUnit\Framework\TestCase-&gt;invokeTestMethod('__pest_evaluabl...', Array)
#72 C:\Users\OWNER\Desktop\ai-marketing-automation\vendor\phpunit\phpunit\src\Framework\TestCase.php(496): PHPUnit\Framework\TestCase-&gt;runTest()
#73 C:\Users\OWNER\Desktop\ai-marketing-automation\vendor\phpunit\phpunit\src\Framework\TestRunner\TestRunner.php(126): PHPUnit\Framework\TestCase-&gt;runBare()
#74 C:\Users\OWNER\Desktop\ai-marketing-automation\vendor\phpunit\phpunit\src\Framework\TestCase.php(328): PHPUnit\Framework\TestRunner\TestRunner-&gt;run(Object(P\Tests\Feature\DesignsTest))
#75 C:\Users\OWNER\Desktop\ai-marketing-automation\vendor\phpunit\phpunit\src\Framework\TestSuite.php(627): PHPUnit\Framework\TestCase-&gt;run()
#76 C:\Users\OWNER\Desktop\ai-marketing-automation\vendor\phpunit\phpunit\src\Framework\TestSuite.php(420): PHPUnit\Framework\TestSuite-&gt;runTests(Array, Object(PHPUnit\Event\DispatchingEmitter))
#77 C:\Users\OWNER\Desktop\ai-marketing-automation\vendor\phpunit\phpunit\src\TextUI\TestRunner.php(64): PHPUnit\Framework\TestSuite-&gt;run()
#78 C:\Users\OWNER\Desktop\ai-marketing-automation\vendor\phpunit\phpunit\src\TextUI\Application.php(255): PHPUnit\TextUI\TestRunner-&gt;run(Object(PHPUnit\TextUI\Configuration\Configuration), Object(PHPUnit\Runner\TestRunHistory\DefaultTestRunHistory), Object(PHPUnit\Framework\TestSuite))
#79 C:\Users\OWNER\Desktop\ai-marketing-automation\vendor\pestphp\pest\src\Kernel.php(100): PHPUnit\TextUI\Application-&gt;run(Array)
#80 C:\Users\OWNER\Desktop\ai-marketing-automation\vendor\pestphp\pest\bin\pest(207): Pest\Kernel-&gt;handle(Array, Array)
#81 C:\Users\OWNER\Desktop\ai-marketing-automation\vendor\pestphp\pest\bin\pest(215): {closure:C:\Users\OWNER\Desktop\ai-marketing-automation\vendor\pestphp\pest\bin\pest:21}()
#82 {main}

----------------------------------------------------------------------------------

Call to undefined method App\Http\Controllers\DesignController::authorize()&#13;
&#13;
at vendor\laravel\framework\src\Illuminate\Testing\TestResponseAssert.php:45
at vendor\laravel\framework\src\Illuminate\Testing\TestResponse.php:183
at vendor\laravel\framework\src\Illuminate\Testing\Concerns\AssertsStatusCodes.php:151
at tests\Feature\DesignsTest.php:115</failure>
    </testcase>
    <testcase name="it my designs pagination works" file="tests\Feature\DesignsTest.php::it my designs pagination works" class="Tests\Feature\DesignsTest" classname="Tests.Feature.DesignsTest" assertions="9" time="0.933951"/>
    <testcase name="it event filtering works" file="tests\Feature\DesignsTest.php::it event filtering works" class="Tests\Feature\DesignsTest" classname="Tests.Feature.DesignsTest" assertions="1" time="0.209096"/>
    <testcase name="it search works" file="tests\Feature\DesignsTest.php::it search works" class="Tests\Feature\DesignsTest" classname="Tests.Feature.DesignsTest" assertions="1" time="0.218877"/>
    <testcase name="it failed generation does not produce a completed design record" file="tests\Feature\DesignsTest.php::it failed generation does not produce a completed design record" class="Tests\Feature\DesignsTest" classname="Tests.Feature.DesignsTest" assertions="1" time="0.035715"/>
  </testsuite>
</testsuites>
